2025-07-28 13:10:30.603 [info] Reading sessions from keychain...
2025-07-28 13:10:30.603 [info] Getting sessions for all scopes...
2025-07-28 13:10:30.603 [info] Got stored sessions!
2025-07-28 13:10:30.603 [info] Got 1 verified sessions.
2025-07-28 13:10:30.603 [info] Got 1 sessions for ...
2025-07-28 13:10:30.603 [info] Getting sessions for all scopes...
2025-07-28 13:10:30.603 [info] Got 1 sessions for ...
2025-07-28 13:10:30.603 [info] Getting sessions for all scopes...
2025-07-28 13:10:30.603 [info] Got 1 sessions for ...
2025-07-28 13:10:30.603 [info] Getting sessions for all scopes...
2025-07-28 13:10:30.603 [info] Got 1 sessions for ...
2025-07-28 13:10:30.603 [info] Getting sessions for all scopes...
2025-07-28 13:10:30.603 [info] Got 1 sessions for ...
2025-07-28 13:10:30.603 [info] Getting sessions for all scopes...
2025-07-28 13:10:30.603 [info] Got 1 sessions for ...
2025-07-28 13:10:30.603 [info] Getting sessions for all scopes...
2025-07-28 13:10:30.603 [info] Got 1 sessions for ...
2025-07-28 13:10:30.603 [info] Getting sessions for all scopes...
2025-07-28 13:10:30.603 [info] Got 1 sessions for ...
2025-07-28 13:10:30.603 [info] Getting sessions for all scopes...
2025-07-28 13:10:30.603 [info] Got 1 sessions for ...
2025-07-28 13:10:30.603 [info] Getting sessions for all scopes...
2025-07-28 13:10:30.603 [info] Got 1 sessions for ...
2025-07-28 13:10:30.603 [info] Getting sessions for all scopes...
2025-07-28 13:10:30.603 [info] Got 1 sessions for ...
2025-07-28 13:10:30.603 [info] Getting sessions for all scopes...
2025-07-28 13:10:30.603 [info] Got 1 sessions for ...
2025-07-28 13:10:30.603 [info] Getting sessions for all scopes...
2025-07-28 13:10:30.603 [info] Got 1 sessions for ...
2025-07-28 13:10:30.603 [info] Getting sessions for all scopes...
2025-07-28 13:10:30.603 [info] Got 1 sessions for ...
2025-07-28 13:10:30.603 [info] Getting sessions for all scopes...
2025-07-28 13:10:30.603 [info] Got 1 sessions for ...
2025-07-28 13:10:30.603 [info] Getting sessions for all scopes...
2025-07-28 13:10:30.603 [info] Got 1 sessions for ...
2025-07-28 13:10:30.603 [info] Getting sessions for all scopes...
2025-07-28 13:10:30.603 [info] Got 1 sessions for ...
2025-07-28 13:10:30.665 [info] Getting sessions for all scopes...
2025-07-28 13:10:30.665 [info] Got 1 sessions for ...
2025-07-28 13:10:30.682 [info] Getting sessions for read:user,repo,user:email,workflow...
2025-07-28 13:10:30.682 [info] Got 0 sessions for read:user,repo,user:email,workflow...
2025-07-28 13:10:30.760 [info] Getting sessions for user:email...
2025-07-28 13:10:30.760 [info] Got 1 sessions for user:email...
2025-07-28 13:10:30.760 [info] Getting sessions for read:user,repo,user:email,workflow...
2025-07-28 13:10:30.760 [info] Got 0 sessions for read:user,repo,user:email,workflow...
2025-07-28 13:10:30.762 [info] Getting sessions for all scopes...
2025-07-28 13:10:30.762 [info] Got 1 sessions for ...
2025-07-28 13:10:30.763 [info] Getting sessions for read:user,repo,user:email,workflow...
2025-07-28 13:10:30.763 [info] Got 0 sessions for read:user,repo,user:email,workflow...
2025-07-28 13:10:30.763 [info] Getting sessions for user:email...
2025-07-28 13:10:30.763 [info] Got 1 sessions for user:email...
2025-07-28 13:10:30.764 [info] Getting sessions for all scopes...
2025-07-28 13:10:30.764 [info] Got 1 sessions for ...
2025-07-28 13:10:30.765 [info] Getting sessions for read:user,repo,user:email,workflow...
2025-07-28 13:10:30.765 [info] Got 0 sessions for read:user,repo,user:email,workflow...
2025-07-28 13:10:30.766 [info] Getting sessions for user:email...
2025-07-28 13:10:30.766 [info] Got 1 sessions for user:email...
2025-07-28 13:10:30.907 [info] Getting sessions for all scopes...
2025-07-28 13:10:30.907 [info] Got 1 sessions for ...
2025-07-28 13:10:30.908 [info] Getting sessions for read:user,repo,user:email,workflow...
2025-07-28 13:10:30.908 [info] Got 0 sessions for read:user,repo,user:email,workflow...
2025-07-28 13:10:30.908 [info] Getting sessions for user:email...
2025-07-28 13:10:30.908 [info] Got 1 sessions for user:email...
2025-07-28 13:10:31.126 [info] Getting sessions for all scopes...
2025-07-28 13:10:31.126 [info] Got 1 sessions for ...
2025-07-28 13:10:31.126 [info] Getting sessions for read:user,repo,user:email,workflow...
2025-07-28 13:10:31.126 [info] Got 0 sessions for read:user,repo,user:email,workflow...
2025-07-28 13:10:31.127 [info] Getting sessions for user:email...
2025-07-28 13:10:31.127 [info] Got 1 sessions for user:email...
2025-07-28 13:10:32.718 [info] Getting sessions for all scopes...
2025-07-28 13:10:32.718 [info] Got 1 sessions for ...
2025-07-28 13:10:32.718 [info] Getting sessions for all scopes...
2025-07-28 13:10:32.718 [info] Got 1 sessions for ...
2025-07-28 13:10:32.718 [info] Getting sessions for all scopes...
2025-07-28 13:10:32.718 [info] Got 1 sessions for ...
2025-07-28 13:10:33.155 [info] Getting sessions for all scopes...
2025-07-28 13:10:33.155 [info] Got 1 sessions for ...
2025-07-28 13:10:33.163 [info] Getting sessions for all scopes...
2025-07-28 13:10:33.163 [info] Got 1 sessions for ...
2025-07-28 13:10:33.168 [info] Getting sessions for read:user,repo,user:email,workflow...
2025-07-28 13:10:33.168 [info] Got 0 sessions for read:user,repo,user:email,workflow...
2025-07-28 13:10:33.178 [info] Getting sessions for all scopes...
2025-07-28 13:10:33.178 [info] Got 1 sessions for ...
2025-07-28 13:10:33.178 [info] Getting sessions for all scopes...
2025-07-28 13:10:33.178 [info] Got 1 sessions for ...
2025-07-28 13:10:33.186 [info] Getting sessions for read:user...
2025-07-28 13:10:33.186 [info] Got 0 sessions for read:user...
2025-07-28 13:10:33.186 [info] Getting sessions for read:user,repo,user:email,workflow...
2025-07-28 13:10:33.186 [info] Got 0 sessions for read:user,repo,user:email,workflow...
2025-07-28 13:10:33.187 [info] Getting sessions for user:email...
2025-07-28 13:10:33.187 [info] Got 1 sessions for user:email...
2025-07-28 13:10:33.189 [info] Getting sessions for user:email...
2025-07-28 13:10:33.189 [info] Got 1 sessions for user:email...
2025-07-28 13:10:33.189 [info] Getting sessions for read:user,repo,user:email,workflow...
2025-07-28 13:10:33.189 [info] Got 0 sessions for read:user,repo,user:email,workflow...
2025-07-28 13:10:33.191 [info] Getting sessions for all scopes...
2025-07-28 13:10:33.191 [info] Got 1 sessions for ...
2025-07-28 13:10:33.293 [info] Getting sessions for read:user,repo,user:email,workflow...
2025-07-28 13:10:33.293 [info] Got 0 sessions for read:user,repo,user:email,workflow...
2025-07-28 13:10:33.293 [info] Getting sessions for user:email...
2025-07-28 13:10:33.294 [info] Got 1 sessions for user:email...
2025-07-28 13:10:33.348 [info] Getting sessions for all scopes...
2025-07-28 13:10:33.348 [info] Got 1 sessions for ...
2025-07-28 13:10:33.354 [info] Getting sessions for all scopes...
2025-07-28 13:10:33.354 [info] Got 1 sessions for ...
2025-07-28 13:10:33.355 [info] Getting sessions for read:user,repo,user:email,workflow...
2025-07-28 13:10:33.355 [info] Got 0 sessions for read:user,repo,user:email,workflow...
2025-07-28 13:10:33.357 [info] Getting sessions for user:email...
2025-07-28 13:10:33.357 [info] Got 1 sessions for user:email...
2025-07-28 13:10:33.357 [info] Getting sessions for read:user,repo,user:email,workflow...
2025-07-28 13:10:33.357 [info] Got 0 sessions for read:user,repo,user:email,workflow...
2025-07-28 13:10:33.359 [info] Getting sessions for all scopes...
2025-07-28 13:10:33.359 [info] Got 1 sessions for ...
2025-07-28 13:10:33.361 [info] Getting sessions for all scopes...
2025-07-28 13:10:33.361 [info] Got 1 sessions for ...
2025-07-28 13:10:33.361 [info] Getting sessions for all scopes...
2025-07-28 13:10:33.361 [info] Got 1 sessions for ...
2025-07-28 13:10:33.364 [info] Getting sessions for read:user,repo,user:email,workflow...
2025-07-28 13:10:33.364 [info] Got 0 sessions for read:user,repo,user:email,workflow...
2025-07-28 13:10:33.365 [info] Getting sessions for user:email...
2025-07-28 13:10:33.365 [info] Got 1 sessions for user:email...
2025-07-28 13:10:34.006 [info] Getting sessions for all scopes...
2025-07-28 13:10:34.006 [info] Got 1 sessions for ...
2025-07-28 13:10:34.170 [info] Getting sessions for all scopes...
2025-07-28 13:10:34.170 [info] Got 1 sessions for ...
2025-07-28 13:10:34.171 [info] Getting sessions for read:user,repo,user:email,workflow...
2025-07-28 13:10:34.171 [info] Got 0 sessions for read:user,repo,user:email,workflow...
2025-07-28 13:10:34.171 [info] Getting sessions for user:email...
2025-07-28 13:10:34.171 [info] Got 1 sessions for user:email...
2025-07-28 13:10:41.194 [info] Getting sessions for all scopes...
2025-07-28 13:10:41.194 [info] Got 1 sessions for ...
2025-07-28 13:10:41.195 [info] Getting sessions for read:user,repo,user:email,workflow...
2025-07-28 13:10:41.195 [info] Got 0 sessions for read:user,repo,user:email,workflow...
2025-07-28 13:10:41.196 [info] Getting sessions for user:email...
2025-07-28 13:10:41.196 [info] Got 1 sessions for user:email...
2025-07-28 13:10:44.895 [info] Getting sessions for all scopes...
2025-07-28 13:10:44.895 [info] Got 1 sessions for ...
2025-07-28 13:10:44.895 [info] Getting sessions for read:user,repo,user:email,workflow...
2025-07-28 13:10:44.895 [info] Got 0 sessions for read:user,repo,user:email,workflow...
2025-07-28 13:10:44.897 [info] Getting sessions for user:email...
2025-07-28 13:10:44.897 [info] Got 1 sessions for user:email...
2025-07-28 13:10:46.653 [info] Getting sessions for all scopes...
2025-07-28 13:10:46.654 [info] Got 1 sessions for ...
2025-07-28 13:10:46.654 [info] Getting sessions for read:user,repo,user:email,workflow...
2025-07-28 13:10:46.654 [info] Got 0 sessions for read:user,repo,user:email,workflow...
2025-07-28 13:10:46.655 [info] Getting sessions for user:email...
2025-07-28 13:10:46.655 [info] Got 1 sessions for user:email...
2025-07-28 13:10:48.936 [info] Getting sessions for all scopes...
2025-07-28 13:10:48.936 [info] Got 1 sessions for ...
2025-07-28 13:10:48.936 [info] Getting sessions for read:user,repo,user:email,workflow...
2025-07-28 13:10:48.936 [info] Got 0 sessions for read:user,repo,user:email,workflow...
2025-07-28 13:10:48.937 [info] Getting sessions for user:email...
2025-07-28 13:10:48.937 [info] Got 1 sessions for user:email...
2025-07-28 13:10:52.248 [info] Getting sessions for all scopes...
2025-07-28 13:10:52.248 [info] Got 1 sessions for ...
2025-07-28 13:10:52.249 [info] Getting sessions for read:user,repo,user:email,workflow...
2025-07-28 13:10:52.249 [info] Got 0 sessions for read:user,repo,user:email,workflow...
2025-07-28 13:10:52.249 [info] Getting sessions for user:email...
2025-07-28 13:10:52.249 [info] Got 1 sessions for user:email...
