2025-07-28 13:11:15.361 [info] Reading sessions from keychain...
2025-07-28 13:11:15.361 [info] Got stored sessions!
2025-07-28 13:11:15.361 [info] Got 1 verified sessions.
2025-07-28 13:11:15.362 [info] Getting sessions for all scopes...
2025-07-28 13:11:15.362 [info] Got 1 sessions for ...
2025-07-28 13:11:15.362 [info] Getting sessions for all scopes...
2025-07-28 13:11:15.362 [info] Got 1 sessions for ...
2025-07-28 13:11:15.362 [info] Getting sessions for all scopes...
2025-07-28 13:11:15.362 [info] Got 1 sessions for ...
2025-07-28 13:11:15.362 [info] Getting sessions for all scopes...
2025-07-28 13:11:15.362 [info] Got 1 sessions for ...
2025-07-28 13:11:15.362 [info] Getting sessions for all scopes...
2025-07-28 13:11:15.362 [info] Got 1 sessions for ...
2025-07-28 13:11:15.362 [info] Getting sessions for all scopes...
2025-07-28 13:11:15.362 [info] Got 1 sessions for ...
2025-07-28 13:11:15.362 [info] Getting sessions for all scopes...
2025-07-28 13:11:15.362 [info] Got 1 sessions for ...
2025-07-28 13:11:15.362 [info] Getting sessions for all scopes...
2025-07-28 13:11:15.362 [info] Got 1 sessions for ...
2025-07-28 13:11:15.362 [info] Getting sessions for all scopes...
2025-07-28 13:11:15.362 [info] Got 1 sessions for ...
2025-07-28 13:11:15.367 [info] Getting sessions for all scopes...
2025-07-28 13:11:15.367 [info] Got 1 sessions for ...
2025-07-28 13:11:15.368 [info] Getting sessions for all scopes...
2025-07-28 13:11:15.368 [info] Got 1 sessions for ...
2025-07-28 13:11:15.368 [info] Getting sessions for all scopes...
2025-07-28 13:11:15.368 [info] Got 1 sessions for ...
2025-07-28 13:11:15.368 [info] Getting sessions for all scopes...
2025-07-28 13:11:15.368 [info] Got 1 sessions for ...
2025-07-28 13:11:15.368 [info] Getting sessions for all scopes...
2025-07-28 13:11:15.368 [info] Got 1 sessions for ...
2025-07-28 13:11:15.368 [info] Getting sessions for all scopes...
2025-07-28 13:11:15.368 [info] Got 1 sessions for ...
2025-07-28 13:11:15.369 [info] Getting sessions for all scopes...
2025-07-28 13:11:15.369 [info] Got 1 sessions for ...
2025-07-28 13:11:15.369 [info] Getting sessions for all scopes...
2025-07-28 13:11:15.369 [info] Got 1 sessions for ...
2025-07-28 13:11:15.462 [info] Getting sessions for read:user,repo,user:email,workflow...
2025-07-28 13:11:15.463 [info] Got 0 sessions for read:user,repo,user:email,workflow...
2025-07-28 13:11:15.540 [info] Getting sessions for user:email...
2025-07-28 13:11:15.540 [info] Got 1 sessions for user:email...
2025-07-28 13:11:15.547 [info] Getting sessions for read:user,repo,user:email,workflow...
2025-07-28 13:11:15.547 [info] Got 0 sessions for read:user,repo,user:email,workflow...
2025-07-28 13:11:15.549 [info] Getting sessions for all scopes...
2025-07-28 13:11:15.549 [info] Got 1 sessions for ...
2025-07-28 13:11:15.563 [info] Getting sessions for all scopes...
2025-07-28 13:11:15.563 [info] Got 1 sessions for ...
2025-07-28 13:11:15.564 [info] Getting sessions for read:user,repo,user:email,workflow...
2025-07-28 13:11:15.564 [info] Got 0 sessions for read:user,repo,user:email,workflow...
2025-07-28 13:11:15.599 [info] Getting sessions for user:email...
2025-07-28 13:11:15.599 [info] Got 1 sessions for user:email...
2025-07-28 13:11:15.630 [info] Getting sessions for all scopes...
2025-07-28 13:11:15.630 [info] Got 1 sessions for ...
2025-07-28 13:11:15.678 [info] Getting sessions for read:user,repo,user:email,workflow...
2025-07-28 13:11:15.678 [info] Got 0 sessions for read:user,repo,user:email,workflow...
2025-07-28 13:11:15.678 [info] Getting sessions for all scopes...
2025-07-28 13:11:15.678 [info] Got 1 sessions for ...
2025-07-28 13:11:15.679 [info] Getting sessions for user:email...
2025-07-28 13:11:15.679 [info] Got 1 sessions for user:email...
2025-07-28 13:11:15.679 [info] Getting sessions for read:user,repo,user:email,workflow...
2025-07-28 13:11:15.679 [info] Got 0 sessions for read:user,repo,user:email,workflow...
2025-07-28 13:11:15.683 [info] Getting sessions for user:email...
2025-07-28 13:11:15.683 [info] Got 1 sessions for user:email...
2025-07-28 13:11:15.921 [info] Getting sessions for all scopes...
2025-07-28 13:11:15.921 [info] Got 1 sessions for ...
2025-07-28 13:11:15.922 [info] Getting sessions for read:user,repo,user:email,workflow...
2025-07-28 13:11:15.922 [info] Got 0 sessions for read:user,repo,user:email,workflow...
2025-07-28 13:11:15.922 [info] Getting sessions for user:email...
2025-07-28 13:11:15.922 [info] Got 1 sessions for user:email...
2025-07-28 13:11:17.451 [info] Getting sessions for all scopes...
2025-07-28 13:11:17.451 [info] Got 1 sessions for ...
2025-07-28 13:11:17.452 [info] Getting sessions for all scopes...
2025-07-28 13:11:17.452 [info] Got 1 sessions for ...
2025-07-28 13:11:17.452 [info] Getting sessions for all scopes...
2025-07-28 13:11:17.452 [info] Got 1 sessions for ...
2025-07-28 13:11:17.876 [info] Getting sessions for all scopes...
2025-07-28 13:11:17.876 [info] Got 1 sessions for ...
2025-07-28 13:11:17.883 [info] Getting sessions for all scopes...
2025-07-28 13:11:17.883 [info] Got 1 sessions for ...
2025-07-28 13:11:17.887 [info] Getting sessions for read:user,repo,user:email,workflow...
2025-07-28 13:11:17.888 [info] Got 0 sessions for read:user,repo,user:email,workflow...
2025-07-28 13:11:17.905 [info] Getting sessions for all scopes...
2025-07-28 13:11:17.905 [info] Got 1 sessions for ...
2025-07-28 13:11:17.905 [info] Getting sessions for all scopes...
2025-07-28 13:11:17.905 [info] Got 1 sessions for ...
2025-07-28 13:11:17.906 [info] Getting sessions for read:user...
2025-07-28 13:11:17.906 [info] Got 0 sessions for read:user...
2025-07-28 13:11:17.906 [info] Getting sessions for read:user,repo,user:email,workflow...
2025-07-28 13:11:17.906 [info] Got 0 sessions for read:user,repo,user:email,workflow...
2025-07-28 13:11:17.907 [info] Getting sessions for user:email...
2025-07-28 13:11:17.907 [info] Got 1 sessions for user:email...
2025-07-28 13:11:17.909 [info] Getting sessions for user:email...
2025-07-28 13:11:17.909 [info] Got 1 sessions for user:email...
2025-07-28 13:11:17.909 [info] Getting sessions for read:user,repo,user:email,workflow...
2025-07-28 13:11:17.909 [info] Got 0 sessions for read:user,repo,user:email,workflow...
2025-07-28 13:11:17.911 [info] Getting sessions for all scopes...
2025-07-28 13:11:17.911 [info] Got 1 sessions for ...
2025-07-28 13:11:18.011 [info] Getting sessions for read:user,repo,user:email,workflow...
2025-07-28 13:11:18.011 [info] Got 0 sessions for read:user,repo,user:email,workflow...
2025-07-28 13:11:18.012 [info] Getting sessions for user:email...
2025-07-28 13:11:18.012 [info] Got 1 sessions for user:email...
2025-07-28 13:11:18.116 [info] Getting sessions for all scopes...
2025-07-28 13:11:18.116 [info] Got 1 sessions for ...
2025-07-28 13:11:18.117 [info] Getting sessions for all scopes...
2025-07-28 13:11:18.117 [info] Got 1 sessions for ...
2025-07-28 13:11:18.125 [info] Getting sessions for read:user,repo,user:email,workflow...
2025-07-28 13:11:18.125 [info] Got 0 sessions for read:user,repo,user:email,workflow...
2025-07-28 13:11:18.126 [info] Getting sessions for user:email...
2025-07-28 13:11:18.126 [info] Got 1 sessions for user:email...
2025-07-28 13:11:18.126 [info] Getting sessions for read:user,repo,user:email,workflow...
2025-07-28 13:11:18.126 [info] Got 0 sessions for read:user,repo,user:email,workflow...
2025-07-28 13:11:18.130 [info] Getting sessions for all scopes...
2025-07-28 13:11:18.130 [info] Got 1 sessions for ...
2025-07-28 13:11:18.132 [info] Getting sessions for all scopes...
2025-07-28 13:11:18.132 [info] Got 1 sessions for ...
2025-07-28 13:11:18.132 [info] Getting sessions for all scopes...
2025-07-28 13:11:18.132 [info] Got 1 sessions for ...
2025-07-28 13:11:18.133 [info] Getting sessions for read:user,repo,user:email,workflow...
2025-07-28 13:11:18.133 [info] Got 0 sessions for read:user,repo,user:email,workflow...
2025-07-28 13:11:18.134 [info] Getting sessions for user:email...
2025-07-28 13:11:18.134 [info] Got 1 sessions for user:email...
2025-07-28 13:11:18.572 [info] Getting sessions for all scopes...
2025-07-28 13:11:18.572 [info] Got 1 sessions for ...
2025-07-28 13:11:18.742 [info] Getting sessions for all scopes...
2025-07-28 13:11:18.742 [info] Got 1 sessions for ...
2025-07-28 13:11:18.743 [info] Getting sessions for read:user,repo,user:email,workflow...
2025-07-28 13:11:18.743 [info] Got 0 sessions for read:user,repo,user:email,workflow...
2025-07-28 13:11:18.743 [info] Getting sessions for user:email...
2025-07-28 13:11:18.743 [info] Got 1 sessions for user:email...
2025-07-28 13:16:43.312 [info] Getting sessions for all scopes...
2025-07-28 13:16:43.312 [info] Got 1 sessions for ...
2025-07-28 13:16:43.312 [info] Getting sessions for read:user,repo,user:email,workflow...
2025-07-28 13:16:43.312 [info] Got 0 sessions for read:user,repo,user:email,workflow...
2025-07-28 13:16:43.313 [info] Getting sessions for user:email...
2025-07-28 13:16:43.313 [info] Got 1 sessions for user:email...
2025-07-28 13:16:45.759 [info] Getting sessions for all scopes...
2025-07-28 13:16:45.759 [info] Got 1 sessions for ...
2025-07-28 13:16:45.759 [info] Getting sessions for read:user,repo,user:email,workflow...
2025-07-28 13:16:45.759 [info] Got 0 sessions for read:user,repo,user:email,workflow...
2025-07-28 13:16:45.760 [info] Getting sessions for user:email...
2025-07-28 13:16:45.760 [info] Got 1 sessions for user:email...
2025-07-28 13:16:47.000 [info] Getting sessions for all scopes...
2025-07-28 13:16:47.000 [info] Got 1 sessions for ...
2025-07-28 13:16:47.001 [info] Getting sessions for read:user,repo,user:email,workflow...
2025-07-28 13:16:47.001 [info] Got 0 sessions for read:user,repo,user:email,workflow...
2025-07-28 13:16:47.001 [info] Getting sessions for user:email...
2025-07-28 13:16:47.001 [info] Got 1 sessions for user:email...
2025-07-28 13:18:27.926 [info] Getting sessions for all scopes...
2025-07-28 13:18:27.926 [info] Got 1 sessions for ...
2025-07-28 13:18:27.927 [info] Getting sessions for read:user,repo,user:email,workflow...
2025-07-28 13:18:27.927 [info] Got 0 sessions for read:user,repo,user:email,workflow...
2025-07-28 13:18:27.927 [info] Getting sessions for user:email...
2025-07-28 13:18:27.927 [info] Got 1 sessions for user:email...
2025-07-28 13:18:28.871 [info] Getting sessions for all scopes...
2025-07-28 13:18:28.871 [info] Got 1 sessions for ...
2025-07-28 13:18:28.871 [info] Getting sessions for read:user,repo,user:email,workflow...
2025-07-28 13:18:28.871 [info] Got 0 sessions for read:user,repo,user:email,workflow...
2025-07-28 13:18:28.872 [info] Getting sessions for user:email...
2025-07-28 13:18:28.872 [info] Got 1 sessions for user:email...
2025-07-28 13:18:29.510 [info] Getting sessions for all scopes...
2025-07-28 13:18:29.510 [info] Got 1 sessions for ...
2025-07-28 13:18:29.511 [info] Getting sessions for read:user,repo,user:email,workflow...
2025-07-28 13:18:29.511 [info] Got 0 sessions for read:user,repo,user:email,workflow...
2025-07-28 13:18:29.512 [info] Getting sessions for user:email...
2025-07-28 13:18:29.512 [info] Got 1 sessions for user:email...
