2025-07-28 13:41:05.611 [info] [main] Log level: Info
2025-07-28 13:41:05.611 [info] [main] Validating found git in: "git"
2025-07-28 13:41:05.611 [info] [main] Using git "2.50.1" from "git"
2025-07-28 13:41:05.611 [info] [Model][doInitialScan] Initial repository scan started
2025-07-28 13:41:05.611 [info] > git rev-parse --show-toplevel [4ms]
2025-07-28 13:41:05.611 [info] fatal: not a git repository (or any of the parent directories): .git
2025-07-28 13:41:05.611 [info] > git rev-parse --show-toplevel [1ms]
2025-07-28 13:41:05.611 [info] fatal: not a git repository (or any of the parent directories): .git
2025-07-28 13:41:05.611 [info] > git rev-parse --show-toplevel [2ms]
2025-07-28 13:41:05.611 [info] fatal: not a git repository (or any of the parent directories): .git
2025-07-28 13:41:05.611 [info] [Model][doInitialScan] Initial repository scan completed - repositories (0), closed repositories (0), parent repositories (0), unsafe repositories (0)
2025-07-28 13:41:05.619 [info] > git rev-parse --show-toplevel [1ms]
2025-07-28 13:41:05.619 [info] fatal: not a git repository (or any of the parent directories): .git
2025-07-28 13:41:05.871 [info] > git rev-parse --show-toplevel [1ms]
2025-07-28 13:41:05.871 [info] fatal: not a git repository (or any of the parent directories): .git
2025-07-28 13:41:07.359 [info] > git rev-parse --show-toplevel [30ms]
2025-07-28 13:41:07.359 [info] fatal: not a git repository (or any of the parent directories): .git
2025-07-28 13:41:07.498 [info] > git rev-parse --show-toplevel [120ms]
2025-07-28 13:41:07.498 [info] fatal: not a git repository (or any of the parent directories): .git
2025-07-28 13:41:07.784 [info] > git rev-parse --show-toplevel [246ms]
2025-07-28 13:41:07.784 [info] fatal: not a git repository (or any of the parent directories): .git
2025-07-28 13:41:32.549 [info] > git rev-parse --show-toplevel [6ms]
2025-07-28 13:41:32.549 [info] fatal: not a git repository (or any of the parent directories): .git
2025-07-28 13:41:48.268 [info] > git rev-parse --show-toplevel [1ms]
2025-07-28 13:41:48.268 [info] fatal: not a git repository (or any of the parent directories): .git
2025-07-28 13:41:49.173 [info] > git rev-parse --show-toplevel [2ms]
2025-07-28 13:41:49.173 [info] fatal: not a git repository (or any of the parent directories): .git
2025-07-28 13:41:49.922 [info] > git rev-parse --show-toplevel [1ms]
2025-07-28 13:41:49.922 [info] fatal: not a git repository (or any of the parent directories): .git
2025-07-28 13:42:14.465 [info] > git rev-parse --show-toplevel [2ms]
2025-07-28 13:42:14.465 [info] fatal: not a git repository (or any of the parent directories): .git
2025-07-28 13:42:17.782 [info] > git rev-parse --show-toplevel [2ms]
2025-07-28 13:42:17.782 [info] fatal: not a git repository (or any of the parent directories): .git
2025-07-28 13:42:19.230 [info] > git rev-parse --show-toplevel [1ms]
2025-07-28 13:42:19.230 [info] fatal: not a git repository (or any of the parent directories): .git
2025-07-28 13:45:34.419 [info] > git rev-parse --show-toplevel [2ms]
2025-07-28 13:45:34.419 [info] fatal: not a git repository (or any of the parent directories): .git
2025-07-28 13:45:51.587 [info] > git rev-parse --show-toplevel [1ms]
2025-07-28 13:45:51.587 [info] fatal: not a git repository (or any of the parent directories): .git
2025-07-28 13:45:57.657 [info] > git rev-parse --show-toplevel [2ms]
2025-07-28 13:45:57.657 [info] fatal: not a git repository (or any of the parent directories): .git
2025-07-28 13:46:07.068 [info] > git rev-parse --show-toplevel [0ms]
2025-07-28 13:46:07.068 [info] fatal: not a git repository (or any of the parent directories): .git
2025-07-28 13:46:11.961 [info] > git rev-parse --show-toplevel [3ms]
2025-07-28 13:46:11.961 [info] fatal: not a git repository (or any of the parent directories): .git
2025-07-28 13:46:16.844 [info] > git rev-parse --show-toplevel [1ms]
2025-07-28 13:46:16.844 [info] fatal: not a git repository (or any of the parent directories): .git
2025-07-28 13:46:18.384 [info] > git rev-parse --show-toplevel [3ms]
2025-07-28 13:46:18.384 [info] fatal: not a git repository (or any of the parent directories): .git
2025-07-28 13:47:28.168 [info] > git rev-parse --show-toplevel [2ms]
2025-07-28 13:47:28.168 [info] fatal: not a git repository (or any of the parent directories): .git
2025-07-28 13:47:40.473 [info] > git rev-parse --show-toplevel [1ms]
2025-07-28 13:47:40.473 [info] fatal: not a git repository (or any of the parent directories): .git
2025-07-28 13:47:42.767 [info] > git rev-parse --show-toplevel [2ms]
2025-07-28 13:47:42.767 [info] fatal: not a git repository (or any of the parent directories): .git
2025-07-28 13:48:34.488 [info] > git rev-parse --show-toplevel [2ms]
2025-07-28 13:48:34.488 [info] fatal: not a git repository (or any of the parent directories): .git
2025-07-28 13:49:23.353 [info] > git rev-parse --show-toplevel [1ms]
2025-07-28 13:49:23.354 [info] fatal: not a git repository (or any of the parent directories): .git
2025-07-28 13:49:34.403 [info] > git rev-parse --show-toplevel [2ms]
2025-07-28 13:49:34.403 [info] fatal: not a git repository (or any of the parent directories): .git
2025-07-28 13:49:35.039 [info] > git rev-parse --show-toplevel [1ms]
2025-07-28 13:49:35.039 [info] fatal: not a git repository (or any of the parent directories): .git
2025-07-28 13:49:38.238 [info] > git rev-parse --show-toplevel [2ms]
2025-07-28 13:49:38.238 [info] fatal: not a git repository (or any of the parent directories): .git
2025-07-28 13:50:41.016 [info] [main] Log level: Info
2025-07-28 13:50:41.016 [info] [main] Validating found git in: "git"
2025-07-28 13:50:41.016 [info] [main] Using git "2.50.1" from "git"
2025-07-28 13:50:41.016 [info] [Model][doInitialScan] Initial repository scan started
2025-07-28 13:50:41.016 [info] > git rev-parse --show-toplevel [1622ms]
2025-07-28 13:50:41.016 [info] fatal: not a git repository (or any of the parent directories): .git
2025-07-28 13:50:41.016 [info] > git rev-parse --show-toplevel [42ms]
2025-07-28 13:50:41.016 [info] fatal: not a git repository (or any of the parent directories): .git
2025-07-28 13:50:41.381 [info] > git rev-parse --show-toplevel [1ms]
2025-07-28 13:50:41.381 [info] fatal: not a git repository (or any of the parent directories): .git
2025-07-28 13:50:41.420 [info] > git rev-parse --show-toplevel [21ms]
2025-07-28 13:50:41.420 [info] fatal: not a git repository (or any of the parent directories): .git
2025-07-28 13:50:41.441 [info] > git rev-parse --show-toplevel [2ms]
2025-07-28 13:50:41.441 [info] fatal: not a git repository (or any of the parent directories): .git
2025-07-28 13:50:41.462 [info] > git rev-parse --show-toplevel [2ms]
2025-07-28 13:50:41.462 [info] fatal: not a git repository (or any of the parent directories): .git
2025-07-28 13:50:41.579 [info] > git rev-parse --show-toplevel [99ms]
2025-07-28 13:50:41.579 [info] fatal: not a git repository (or any of the parent directories): .git
2025-07-28 13:50:41.599 [info] > git rev-parse --show-toplevel [2ms]
2025-07-28 13:50:41.599 [info] fatal: not a git repository (or any of the parent directories): .git
2025-07-28 13:50:41.619 [info] > git rev-parse --show-toplevel [1ms]
2025-07-28 13:50:41.619 [info] fatal: not a git repository (or any of the parent directories): .git
2025-07-28 13:50:41.647 [info] > git rev-parse --show-toplevel [8ms]
2025-07-28 13:50:41.647 [info] fatal: not a git repository (or any of the parent directories): .git
2025-07-28 13:50:41.669 [info] > git rev-parse --show-toplevel [2ms]
2025-07-28 13:50:41.669 [info] fatal: not a git repository (or any of the parent directories): .git
2025-07-28 13:50:41.692 [info] > git rev-parse --show-toplevel [2ms]
2025-07-28 13:50:41.692 [info] fatal: not a git repository (or any of the parent directories): .git
2025-07-28 13:50:41.712 [info] > git rev-parse --show-toplevel [1ms]
2025-07-28 13:50:41.712 [info] fatal: not a git repository (or any of the parent directories): .git
2025-07-28 13:50:41.733 [info] > git rev-parse --show-toplevel [2ms]
2025-07-28 13:50:41.734 [info] fatal: not a git repository (or any of the parent directories): .git
2025-07-28 13:50:41.735 [info] [Model][doInitialScan] Initial repository scan completed - repositories (0), closed repositories (0), parent repositories (0), unsafe repositories (0)
2025-07-28 13:50:41.755 [info] > git rev-parse --show-toplevel [1ms]
2025-07-28 13:50:41.755 [info] fatal: not a git repository (or any of the parent directories): .git
2025-07-28 13:50:55.661 [info] > git rev-parse --show-toplevel [3ms]
2025-07-28 13:50:55.661 [info] fatal: not a git repository (or any of the parent directories): .git
2025-07-28 13:50:58.365 [info] > git rev-parse --show-toplevel [3ms]
2025-07-28 13:50:58.365 [info] fatal: not a git repository (or any of the parent directories): .git
2025-07-28 13:50:59.758 [info] > git rev-parse --show-toplevel [2ms]
2025-07-28 13:50:59.759 [info] fatal: not a git repository (or any of the parent directories): .git
2025-07-28 13:51:00.937 [info] > git rev-parse --show-toplevel [1ms]
2025-07-28 13:51:00.937 [info] fatal: not a git repository (or any of the parent directories): .git
2025-07-28 13:51:12.408 [info] > git rev-parse --show-toplevel [1ms]
2025-07-28 13:51:12.408 [info] fatal: not a git repository (or any of the parent directories): .git
2025-07-28 13:51:12.433 [info] > git rev-parse --show-toplevel [2ms]
2025-07-28 13:51:12.433 [info] fatal: not a git repository (or any of the parent directories): .git
2025-07-28 13:51:12.454 [info] > git rev-parse --show-toplevel [1ms]
2025-07-28 13:51:12.454 [info] fatal: not a git repository (or any of the parent directories): .git
2025-07-28 13:51:12.475 [info] > git rev-parse --show-toplevel [1ms]
2025-07-28 13:51:12.475 [info] fatal: not a git repository (or any of the parent directories): .git
2025-07-28 13:52:16.881 [info] > git rev-parse --show-toplevel [2ms]
2025-07-28 13:52:16.881 [info] fatal: not a git repository (or any of the parent directories): .git
2025-07-28 13:53:08.965 [info] > git rev-parse --show-toplevel [3ms]
2025-07-28 13:53:08.965 [info] fatal: not a git repository (or any of the parent directories): .git
2025-07-28 13:53:14.381 [info] > git rev-parse --show-toplevel [2ms]
2025-07-28 13:53:14.381 [info] fatal: not a git repository (or any of the parent directories): .git
2025-07-28 13:53:21.348 [info] > git rev-parse --show-toplevel [3ms]
2025-07-28 13:53:21.348 [info] fatal: not a git repository (or any of the parent directories): .git
2025-07-28 13:53:25.980 [info] > git rev-parse --show-toplevel [3ms]
2025-07-28 13:53:25.980 [info] fatal: not a git repository (or any of the parent directories): .git
2025-07-28 13:53:31.933 [info] > git rev-parse --show-toplevel [2ms]
2025-07-28 13:53:31.933 [info] fatal: not a git repository (or any of the parent directories): .git
2025-07-28 13:54:01.127 [info] > git rev-parse --show-toplevel [1ms]
2025-07-28 13:54:01.127 [info] fatal: not a git repository (or any of the parent directories): .git
2025-07-28 13:54:10.016 [info] > git rev-parse --show-toplevel [3ms]
2025-07-28 13:54:10.016 [info] fatal: not a git repository (or any of the parent directories): .git
2025-07-28 13:54:15.068 [info] > git rev-parse --show-toplevel [3ms]
2025-07-28 13:54:15.068 [info] fatal: not a git repository (or any of the parent directories): .git
2025-07-28 13:54:20.950 [info] > git rev-parse --show-toplevel [3ms]
2025-07-28 13:54:20.950 [info] fatal: not a git repository (or any of the parent directories): .git
2025-07-28 13:54:26.295 [info] > git rev-parse --show-toplevel [2ms]
2025-07-28 13:54:26.295 [info] fatal: not a git repository (or any of the parent directories): .git
2025-07-28 13:54:31.083 [info] > git rev-parse --show-toplevel [3ms]
2025-07-28 13:54:31.083 [info] fatal: not a git repository (or any of the parent directories): .git
2025-07-28 13:54:36.046 [info] > git rev-parse --show-toplevel [2ms]
2025-07-28 13:54:36.046 [info] fatal: not a git repository (or any of the parent directories): .git
2025-07-28 13:55:26.211 [info] > git rev-parse --show-toplevel [2ms]
2025-07-28 13:55:26.211 [info] fatal: not a git repository (or any of the parent directories): .git
2025-07-28 13:55:30.908 [info] > git rev-parse --show-toplevel [2ms]
2025-07-28 13:55:30.908 [info] fatal: not a git repository (or any of the parent directories): .git
2025-07-28 13:55:36.081 [info] > git rev-parse --show-toplevel [3ms]
2025-07-28 13:55:36.081 [info] fatal: not a git repository (or any of the parent directories): .git
2025-07-28 13:55:45.288 [info] > git rev-parse --show-toplevel [1ms]
2025-07-28 13:55:45.288 [info] fatal: not a git repository (or any of the parent directories): .git
2025-07-28 13:55:51.621 [info] > git rev-parse --show-toplevel [3ms]
2025-07-28 13:55:51.621 [info] fatal: not a git repository (or any of the parent directories): .git
2025-07-28 13:55:57.880 [info] > git rev-parse --show-toplevel [3ms]
2025-07-28 13:55:57.880 [info] fatal: not a git repository (or any of the parent directories): .git
2025-07-28 13:56:10.583 [info] > git rev-parse --show-toplevel [2ms]
2025-07-28 13:56:10.583 [info] fatal: not a git repository (or any of the parent directories): .git
2025-07-28 13:56:11.905 [info] > git rev-parse --show-toplevel [2ms]
2025-07-28 13:56:11.905 [info] fatal: not a git repository (or any of the parent directories): .git
2025-07-28 13:56:14.283 [info] > git rev-parse --show-toplevel [1ms]
2025-07-28 13:56:14.283 [info] fatal: not a git repository (or any of the parent directories): .git
2025-07-28 13:56:18.307 [info] > git rev-parse --show-toplevel [2ms]
2025-07-28 13:56:18.307 [info] fatal: not a git repository (or any of the parent directories): .git
2025-07-28 13:56:33.247 [info] > git rev-parse --show-toplevel [2ms]
2025-07-28 13:56:33.247 [info] fatal: not a git repository (or any of the parent directories): .git
2025-07-28 13:56:42.261 [info] > git rev-parse --show-toplevel [2ms]
2025-07-28 13:56:42.261 [info] fatal: not a git repository (or any of the parent directories): .git
2025-07-28 13:56:47.589 [info] > git rev-parse --show-toplevel [2ms]
2025-07-28 13:56:47.589 [info] fatal: not a git repository (or any of the parent directories): .git
2025-07-28 13:56:52.763 [info] > git rev-parse --show-toplevel [3ms]
2025-07-28 13:56:52.763 [info] fatal: not a git repository (or any of the parent directories): .git
2025-07-28 13:56:59.134 [info] > git rev-parse --show-toplevel [1ms]
2025-07-28 13:56:59.134 [info] fatal: not a git repository (or any of the parent directories): .git
2025-07-28 13:57:59.578 [info] > git rev-parse --show-toplevel [2ms]
2025-07-28 13:57:59.578 [info] fatal: not a git repository (or any of the parent directories): .git
2025-07-28 13:58:26.443 [info] > git rev-parse --show-toplevel [3ms]
2025-07-28 13:58:26.443 [info] fatal: not a git repository (or any of the parent directories): .git
2025-07-28 13:58:27.349 [info] > git rev-parse --show-toplevel [1ms]
2025-07-28 13:58:27.350 [info] fatal: not a git repository (or any of the parent directories): .git
2025-07-28 13:58:30.040 [info] > git rev-parse --show-toplevel [2ms]
2025-07-28 13:58:30.040 [info] fatal: not a git repository (or any of the parent directories): .git
2025-07-28 13:58:30.583 [info] > git rev-parse --show-toplevel [1ms]
2025-07-28 13:58:30.583 [info] fatal: not a git repository (or any of the parent directories): .git
2025-07-28 13:58:31.510 [info] > git rev-parse --show-toplevel [1ms]
2025-07-28 13:58:31.510 [info] fatal: not a git repository (or any of the parent directories): .git
2025-07-28 13:58:32.214 [info] > git rev-parse --show-toplevel [2ms]
2025-07-28 13:58:32.214 [info] fatal: not a git repository (or any of the parent directories): .git
2025-07-28 13:58:32.837 [info] > git rev-parse --show-toplevel [2ms]
2025-07-28 13:58:32.837 [info] fatal: not a git repository (or any of the parent directories): .git
2025-07-28 13:58:33.403 [info] > git rev-parse --show-toplevel [1ms]
2025-07-28 13:58:33.403 [info] fatal: not a git repository (or any of the parent directories): .git
2025-07-28 13:58:35.485 [info] > git rev-parse --show-toplevel [2ms]
2025-07-28 13:58:35.485 [info] fatal: not a git repository (or any of the parent directories): .git
2025-07-28 13:58:57.623 [info] > git rev-parse --show-toplevel [1ms]
2025-07-28 13:58:57.623 [info] fatal: not a git repository (or any of the parent directories): .git
2025-07-28 13:59:01.338 [info] > git rev-parse --show-toplevel [2ms]
2025-07-28 13:59:01.338 [info] fatal: not a git repository (or any of the parent directories): .git
2025-07-28 14:00:10.871 [info] > git rev-parse --show-toplevel [1ms]
2025-07-28 14:00:10.871 [info] fatal: not a git repository (or any of the parent directories): .git
2025-07-28 14:00:13.639 [info] > git rev-parse --show-toplevel [3ms]
2025-07-28 14:00:13.639 [info] fatal: not a git repository (or any of the parent directories): .git
2025-07-28 14:00:16.911 [info] > git rev-parse --show-toplevel [1ms]
2025-07-28 14:00:16.911 [info] fatal: not a git repository (or any of the parent directories): .git
2025-07-28 14:00:19.285 [info] > git rev-parse --show-toplevel [3ms]
2025-07-28 14:00:19.285 [info] fatal: not a git repository (or any of the parent directories): .git
2025-07-28 14:00:23.973 [info] > git rev-parse --show-toplevel [1ms]
2025-07-28 14:00:23.973 [info] fatal: not a git repository (or any of the parent directories): .git
2025-07-28 14:00:25.552 [info] > git rev-parse --show-toplevel [2ms]
2025-07-28 14:00:25.552 [info] fatal: not a git repository (or any of the parent directories): .git
2025-07-28 14:00:28.827 [info] > git rev-parse --show-toplevel [1ms]
2025-07-28 14:00:28.827 [info] fatal: not a git repository (or any of the parent directories): .git
2025-07-28 14:00:29.973 [info] > git rev-parse --show-toplevel [2ms]
2025-07-28 14:00:29.974 [info] fatal: not a git repository (or any of the parent directories): .git
2025-07-28 14:01:18.271 [info] > git rev-parse --show-toplevel [1ms]
2025-07-28 14:01:18.272 [info] fatal: not a git repository (or any of the parent directories): .git
2025-07-28 14:01:20.926 [info] > git rev-parse --show-toplevel [1ms]
2025-07-28 14:01:20.926 [info] fatal: not a git repository (or any of the parent directories): .git
2025-07-28 14:01:41.839 [info] > git rev-parse --show-toplevel [2ms]
2025-07-28 14:01:41.839 [info] fatal: not a git repository (or any of the parent directories): .git
2025-07-28 14:01:42.133 [info] > git rev-parse --show-toplevel [1ms]
2025-07-28 14:01:42.133 [info] fatal: not a git repository (or any of the parent directories): .git
2025-07-28 14:01:43.762 [info] > git rev-parse --show-toplevel [2ms]
2025-07-28 14:01:43.762 [info] fatal: not a git repository (or any of the parent directories): .git
2025-07-28 14:01:48.725 [info] > git rev-parse --show-toplevel [1ms]
2025-07-28 14:01:48.726 [info] fatal: not a git repository (or any of the parent directories): .git
2025-07-28 14:01:56.261 [info] > git rev-parse --show-toplevel [2ms]
2025-07-28 14:01:56.261 [info] fatal: not a git repository (or any of the parent directories): .git
2025-07-28 14:02:00.592 [info] > git rev-parse --show-toplevel [1ms]
2025-07-28 14:02:00.592 [info] fatal: not a git repository (or any of the parent directories): .git
2025-07-28 14:02:01.563 [info] > git rev-parse --show-toplevel [2ms]
2025-07-28 14:02:01.563 [info] fatal: not a git repository (or any of the parent directories): .git
2025-07-28 14:02:05.625 [info] > git rev-parse --show-toplevel [1ms]
2025-07-28 14:02:05.625 [info] fatal: not a git repository (or any of the parent directories): .git
2025-07-28 14:02:08.853 [info] > git rev-parse --show-toplevel [2ms]
2025-07-28 14:02:08.853 [info] fatal: not a git repository (or any of the parent directories): .git
2025-07-28 14:02:12.747 [info] > git rev-parse --show-toplevel [1ms]
2025-07-28 14:02:12.747 [info] fatal: not a git repository (or any of the parent directories): .git
2025-07-28 14:02:14.800 [info] > git rev-parse --show-toplevel [3ms]
2025-07-28 14:02:14.800 [info] fatal: not a git repository (or any of the parent directories): .git
2025-07-28 14:02:19.411 [info] > git rev-parse --show-toplevel [1ms]
2025-07-28 14:02:19.411 [info] fatal: not a git repository (or any of the parent directories): .git
2025-07-28 14:02:20.138 [info] > git rev-parse --show-toplevel [3ms]
2025-07-28 14:02:20.138 [info] fatal: not a git repository (or any of the parent directories): .git
2025-07-28 14:02:29.875 [info] > git rev-parse --show-toplevel [1ms]
2025-07-28 14:02:29.875 [info] fatal: not a git repository (or any of the parent directories): .git
2025-07-28 14:22:30.888 [info] > git rev-parse --show-toplevel [2ms]
2025-07-28 14:22:30.888 [info] fatal: not a git repository (or any of the parent directories): .git
2025-07-28 14:22:35.713 [info] > git rev-parse --show-toplevel [2ms]
2025-07-28 14:22:35.713 [info] fatal: not a git repository (or any of the parent directories): .git
2025-07-28 14:22:38.715 [info] > git rev-parse --show-toplevel [3ms]
2025-07-28 14:22:38.715 [info] fatal: not a git repository (or any of the parent directories): .git
