2025-07-28 13:23:28.118 [info] Reading sessions from keychain...
2025-07-28 13:23:28.118 [info] Getting sessions for all scopes...
2025-07-28 13:23:28.165 [info] Got stored sessions!
2025-07-28 13:23:28.165 [info] Got 1 verified sessions.
2025-07-28 13:23:28.165 [info] Got 1 sessions for ...
2025-07-28 13:23:28.165 [info] Getting sessions for all scopes...
2025-07-28 13:23:28.165 [info] Got 1 sessions for ...
2025-07-28 13:23:28.165 [info] Getting sessions for all scopes...
2025-07-28 13:23:28.165 [info] Got 1 sessions for ...
2025-07-28 13:23:28.165 [info] Getting sessions for all scopes...
2025-07-28 13:23:28.165 [info] Got 1 sessions for ...
2025-07-28 13:23:28.165 [info] Getting sessions for all scopes...
2025-07-28 13:23:28.165 [info] Got 1 sessions for ...
2025-07-28 13:23:28.166 [info] Getting sessions for all scopes...
2025-07-28 13:23:28.166 [info] Got 1 sessions for ...
2025-07-28 13:23:28.166 [info] Getting sessions for all scopes...
2025-07-28 13:23:28.166 [info] Got 1 sessions for ...
2025-07-28 13:23:28.167 [info] Getting sessions for all scopes...
2025-07-28 13:23:28.167 [info] Got 1 sessions for ...
2025-07-28 13:23:28.167 [info] Getting sessions for all scopes...
2025-07-28 13:23:28.167 [info] Got 1 sessions for ...
2025-07-28 13:23:28.167 [info] Getting sessions for all scopes...
2025-07-28 13:23:28.167 [info] Got 1 sessions for ...
2025-07-28 13:23:28.167 [info] Getting sessions for all scopes...
2025-07-28 13:23:28.167 [info] Got 1 sessions for ...
2025-07-28 13:23:28.168 [info] Getting sessions for all scopes...
2025-07-28 13:23:28.168 [info] Got 1 sessions for ...
2025-07-28 13:23:28.168 [info] Getting sessions for all scopes...
2025-07-28 13:23:28.168 [info] Got 1 sessions for ...
2025-07-28 13:23:28.182 [info] Getting sessions for all scopes...
2025-07-28 13:23:28.182 [info] Got 1 sessions for ...
2025-07-28 13:23:28.383 [info] Getting sessions for all scopes...
2025-07-28 13:23:28.383 [info] Got 1 sessions for ...
2025-07-28 13:23:30.087 [info] Getting sessions for all scopes...
2025-07-28 13:23:30.088 [info] Got 1 sessions for ...
2025-07-28 13:23:30.088 [info] Getting sessions for all scopes...
2025-07-28 13:23:30.088 [info] Got 1 sessions for ...
2025-07-28 13:23:30.092 [info] Getting sessions for all scopes...
2025-07-28 13:23:30.092 [info] Got 1 sessions for ...
2025-07-28 13:23:45.085 [info] Reading sessions from keychain...
2025-07-28 13:23:45.085 [info] Got stored sessions!
2025-07-28 13:23:45.085 [info] Got 1 verified sessions.
2025-07-28 13:23:45.085 [info] Getting sessions for all scopes...
2025-07-28 13:23:45.085 [info] Got 1 sessions for ...
2025-07-28 13:23:45.085 [info] Getting sessions for all scopes...
2025-07-28 13:23:45.085 [info] Got 1 sessions for ...
2025-07-28 13:23:45.085 [info] Getting sessions for all scopes...
2025-07-28 13:23:45.085 [info] Got 1 sessions for ...
2025-07-28 13:23:45.085 [info] Getting sessions for all scopes...
2025-07-28 13:23:45.085 [info] Got 1 sessions for ...
2025-07-28 13:23:45.085 [info] Getting sessions for all scopes...
2025-07-28 13:23:45.085 [info] Got 1 sessions for ...
2025-07-28 13:23:45.085 [info] Getting sessions for all scopes...
2025-07-28 13:23:45.085 [info] Got 1 sessions for ...
2025-07-28 13:23:45.085 [info] Getting sessions for all scopes...
2025-07-28 13:23:45.085 [info] Got 1 sessions for ...
2025-07-28 13:23:45.085 [info] Getting sessions for all scopes...
2025-07-28 13:23:45.085 [info] Got 1 sessions for ...
2025-07-28 13:23:45.085 [info] Getting sessions for all scopes...
2025-07-28 13:23:45.085 [info] Got 1 sessions for ...
2025-07-28 13:23:45.085 [info] Getting sessions for all scopes...
2025-07-28 13:23:45.085 [info] Got 1 sessions for ...
2025-07-28 13:23:45.085 [info] Getting sessions for all scopes...
2025-07-28 13:23:45.085 [info] Got 1 sessions for ...
2025-07-28 13:23:45.085 [info] Getting sessions for all scopes...
2025-07-28 13:23:45.085 [info] Got 1 sessions for ...
2025-07-28 13:23:45.085 [info] Getting sessions for all scopes...
2025-07-28 13:23:45.085 [info] Got 1 sessions for ...
2025-07-28 13:23:45.085 [info] Getting sessions for all scopes...
2025-07-28 13:23:45.085 [info] Got 1 sessions for ...
2025-07-28 13:23:45.085 [info] Getting sessions for all scopes...
2025-07-28 13:23:45.085 [info] Got 1 sessions for ...
2025-07-28 13:23:45.085 [info] Getting sessions for all scopes...
2025-07-28 13:23:45.085 [info] Got 1 sessions for ...
2025-07-28 13:23:45.085 [info] Getting sessions for all scopes...
2025-07-28 13:23:45.085 [info] Got 1 sessions for ...
2025-07-28 13:23:45.085 [info] Getting sessions for all scopes...
2025-07-28 13:23:45.085 [info] Got 1 sessions for ...
2025-07-28 13:23:45.199 [info] Getting sessions for read:user,repo,user:email,workflow...
2025-07-28 13:23:45.199 [info] Got 0 sessions for read:user,repo,user:email,workflow...
2025-07-28 13:23:45.224 [info] Getting sessions for user:email...
2025-07-28 13:23:45.224 [info] Got 1 sessions for user:email...
2025-07-28 13:23:45.225 [info] Getting sessions for read:user,repo,user:email,workflow...
2025-07-28 13:23:45.225 [info] Got 0 sessions for read:user,repo,user:email,workflow...
2025-07-28 13:23:45.235 [info] Getting sessions for all scopes...
2025-07-28 13:23:45.235 [info] Got 1 sessions for ...
2025-07-28 13:23:45.236 [info] Getting sessions for read:user,repo,user:email,workflow...
2025-07-28 13:23:45.236 [info] Got 0 sessions for read:user,repo,user:email,workflow...
2025-07-28 13:23:45.236 [info] Getting sessions for user:email...
2025-07-28 13:23:45.236 [info] Got 1 sessions for user:email...
2025-07-28 13:23:45.237 [info] Getting sessions for all scopes...
2025-07-28 13:23:45.237 [info] Got 1 sessions for ...
2025-07-28 13:23:45.238 [info] Getting sessions for read:user,repo,user:email,workflow...
2025-07-28 13:23:45.238 [info] Got 0 sessions for read:user,repo,user:email,workflow...
2025-07-28 13:23:45.238 [info] Getting sessions for user:email...
2025-07-28 13:23:45.238 [info] Got 1 sessions for user:email...
2025-07-28 13:23:45.293 [info] Getting sessions for all scopes...
2025-07-28 13:23:45.293 [info] Got 1 sessions for ...
2025-07-28 13:23:45.293 [info] Getting sessions for read:user,repo,user:email,workflow...
2025-07-28 13:23:45.293 [info] Got 0 sessions for read:user,repo,user:email,workflow...
2025-07-28 13:23:45.294 [info] Getting sessions for user:email...
2025-07-28 13:23:45.294 [info] Got 1 sessions for user:email...
2025-07-28 13:23:45.492 [info] Getting sessions for all scopes...
2025-07-28 13:23:45.492 [info] Got 1 sessions for ...
2025-07-28 13:23:45.492 [info] Getting sessions for read:user,repo,user:email,workflow...
2025-07-28 13:23:45.492 [info] Got 0 sessions for read:user,repo,user:email,workflow...
2025-07-28 13:23:45.493 [info] Getting sessions for user:email...
2025-07-28 13:23:45.493 [info] Got 1 sessions for user:email...
2025-07-28 13:23:47.193 [info] Getting sessions for all scopes...
2025-07-28 13:23:47.193 [info] Got 1 sessions for ...
2025-07-28 13:23:47.193 [info] Getting sessions for all scopes...
2025-07-28 13:23:47.193 [info] Got 1 sessions for ...
2025-07-28 13:23:47.193 [info] Getting sessions for all scopes...
2025-07-28 13:23:47.193 [info] Got 1 sessions for ...
2025-07-28 13:23:47.605 [info] Getting sessions for all scopes...
2025-07-28 13:23:47.605 [info] Got 1 sessions for ...
2025-07-28 13:23:47.613 [info] Getting sessions for all scopes...
2025-07-28 13:23:47.613 [info] Got 1 sessions for ...
2025-07-28 13:23:47.617 [info] Getting sessions for read:user,repo,user:email,workflow...
2025-07-28 13:23:47.617 [info] Got 0 sessions for read:user,repo,user:email,workflow...
2025-07-28 13:23:47.628 [info] Getting sessions for all scopes...
2025-07-28 13:23:47.628 [info] Got 1 sessions for ...
2025-07-28 13:23:47.628 [info] Getting sessions for all scopes...
2025-07-28 13:23:47.628 [info] Got 1 sessions for ...
2025-07-28 13:23:47.636 [info] Getting sessions for read:user...
2025-07-28 13:23:47.636 [info] Got 0 sessions for read:user...
2025-07-28 13:23:47.637 [info] Getting sessions for read:user,repo,user:email,workflow...
2025-07-28 13:23:47.637 [info] Got 0 sessions for read:user,repo,user:email,workflow...
2025-07-28 13:23:47.637 [info] Getting sessions for user:email...
2025-07-28 13:23:47.637 [info] Got 1 sessions for user:email...
2025-07-28 13:23:47.641 [info] Getting sessions for user:email...
2025-07-28 13:23:47.641 [info] Got 1 sessions for user:email...
2025-07-28 13:23:47.641 [info] Getting sessions for read:user,repo,user:email,workflow...
2025-07-28 13:23:47.641 [info] Got 0 sessions for read:user,repo,user:email,workflow...
2025-07-28 13:23:47.643 [info] Getting sessions for all scopes...
2025-07-28 13:23:47.643 [info] Got 1 sessions for ...
2025-07-28 13:23:47.746 [info] Getting sessions for read:user,repo,user:email,workflow...
2025-07-28 13:23:47.746 [info] Got 0 sessions for read:user,repo,user:email,workflow...
2025-07-28 13:23:47.748 [info] Getting sessions for user:email...
2025-07-28 13:23:47.748 [info] Got 1 sessions for user:email...
2025-07-28 13:23:47.810 [info] Getting sessions for all scopes...
2025-07-28 13:23:47.810 [info] Got 1 sessions for ...
2025-07-28 13:23:47.811 [info] Getting sessions for all scopes...
2025-07-28 13:23:47.811 [info] Got 1 sessions for ...
2025-07-28 13:23:47.811 [info] Getting sessions for read:user,repo,user:email,workflow...
2025-07-28 13:23:47.812 [info] Got 0 sessions for read:user,repo,user:email,workflow...
2025-07-28 13:23:47.812 [info] Getting sessions for user:email...
2025-07-28 13:23:47.812 [info] Got 1 sessions for user:email...
2025-07-28 13:23:47.812 [info] Getting sessions for read:user,repo,user:email,workflow...
2025-07-28 13:23:47.812 [info] Got 0 sessions for read:user,repo,user:email,workflow...
2025-07-28 13:23:47.814 [info] Getting sessions for all scopes...
2025-07-28 13:23:47.814 [info] Got 1 sessions for ...
2025-07-28 13:23:47.815 [info] Getting sessions for all scopes...
2025-07-28 13:23:47.815 [info] Got 1 sessions for ...
2025-07-28 13:23:47.816 [info] Getting sessions for all scopes...
2025-07-28 13:23:47.816 [info] Got 1 sessions for ...
2025-07-28 13:23:47.817 [info] Getting sessions for read:user,repo,user:email,workflow...
2025-07-28 13:23:47.817 [info] Got 0 sessions for read:user,repo,user:email,workflow...
2025-07-28 13:23:47.817 [info] Getting sessions for user:email...
2025-07-28 13:23:47.817 [info] Got 1 sessions for user:email...
2025-07-28 13:23:48.430 [info] Getting sessions for all scopes...
2025-07-28 13:23:48.430 [info] Got 1 sessions for ...
2025-07-28 13:23:48.594 [info] Getting sessions for all scopes...
2025-07-28 13:23:48.594 [info] Got 1 sessions for ...
2025-07-28 13:23:48.594 [info] Getting sessions for read:user,repo,user:email,workflow...
2025-07-28 13:23:48.594 [info] Got 0 sessions for read:user,repo,user:email,workflow...
2025-07-28 13:23:48.595 [info] Getting sessions for user:email...
2025-07-28 13:23:48.595 [info] Got 1 sessions for user:email...
2025-07-28 13:24:46.463 [info] Getting sessions for all scopes...
2025-07-28 13:24:46.463 [info] Got 1 sessions for ...
2025-07-28 13:24:46.464 [info] Getting sessions for read:user,repo,user:email,workflow...
2025-07-28 13:24:46.464 [info] Got 0 sessions for read:user,repo,user:email,workflow...
2025-07-28 13:24:46.465 [info] Getting sessions for user:email...
2025-07-28 13:24:46.465 [info] Got 1 sessions for user:email...
2025-07-28 13:24:47.975 [info] Getting sessions for all scopes...
2025-07-28 13:24:47.975 [info] Got 1 sessions for ...
2025-07-28 13:24:47.975 [info] Getting sessions for read:user,repo,user:email,workflow...
2025-07-28 13:24:47.975 [info] Got 0 sessions for read:user,repo,user:email,workflow...
2025-07-28 13:24:47.976 [info] Getting sessions for user:email...
2025-07-28 13:24:47.976 [info] Got 1 sessions for user:email...
2025-07-28 13:24:48.523 [info] Getting sessions for all scopes...
2025-07-28 13:24:48.523 [info] Got 1 sessions for ...
2025-07-28 13:24:48.524 [info] Getting sessions for read:user,repo,user:email,workflow...
2025-07-28 13:24:48.524 [info] Got 0 sessions for read:user,repo,user:email,workflow...
2025-07-28 13:24:48.525 [info] Getting sessions for user:email...
2025-07-28 13:24:48.525 [info] Got 1 sessions for user:email...
2025-07-28 13:26:23.478 [info] Getting sessions for all scopes...
2025-07-28 13:26:23.478 [info] Got 1 sessions for ...
2025-07-28 13:26:23.479 [info] Getting sessions for read:user,repo,user:email,workflow...
2025-07-28 13:26:23.479 [info] Got 0 sessions for read:user,repo,user:email,workflow...
2025-07-28 13:26:23.480 [info] Getting sessions for user:email...
2025-07-28 13:26:23.480 [info] Got 1 sessions for user:email...
2025-07-28 13:26:29.368 [info] Getting sessions for all scopes...
2025-07-28 13:26:29.368 [info] Got 1 sessions for ...
2025-07-28 13:26:29.368 [info] Getting sessions for read:user,repo,user:email,workflow...
2025-07-28 13:26:29.368 [info] Got 0 sessions for read:user,repo,user:email,workflow...
2025-07-28 13:26:29.369 [info] Getting sessions for user:email...
2025-07-28 13:26:29.369 [info] Got 1 sessions for user:email...
2025-07-28 13:26:40.671 [info] Getting sessions for all scopes...
2025-07-28 13:26:40.671 [info] Got 1 sessions for ...
2025-07-28 13:26:40.671 [info] Getting sessions for read:user,repo,user:email,workflow...
2025-07-28 13:26:40.671 [info] Got 0 sessions for read:user,repo,user:email,workflow...
2025-07-28 13:26:40.672 [info] Getting sessions for user:email...
2025-07-28 13:26:40.672 [info] Got 1 sessions for user:email...
2025-07-28 13:27:15.590 [info] Getting sessions for all scopes...
2025-07-28 13:27:15.590 [info] Got 1 sessions for ...
2025-07-28 13:27:15.590 [info] Getting sessions for read:user,repo,user:email,workflow...
2025-07-28 13:27:15.590 [info] Got 0 sessions for read:user,repo,user:email,workflow...
2025-07-28 13:27:15.591 [info] Getting sessions for user:email...
2025-07-28 13:27:15.591 [info] Got 1 sessions for user:email...
2025-07-28 13:27:24.331 [info] Getting sessions for all scopes...
2025-07-28 13:27:24.331 [info] Got 1 sessions for ...
2025-07-28 13:27:24.335 [info] Getting sessions for read:user,repo,user:email,workflow...
2025-07-28 13:27:24.335 [info] Got 0 sessions for read:user,repo,user:email,workflow...
2025-07-28 13:27:24.336 [info] Getting sessions for user:email...
2025-07-28 13:27:24.336 [info] Got 1 sessions for user:email...
2025-07-28 13:27:34.947 [info] Getting sessions for all scopes...
2025-07-28 13:27:34.947 [info] Got 1 sessions for ...
2025-07-28 13:27:34.948 [info] Getting sessions for read:user,repo,user:email,workflow...
2025-07-28 13:27:34.948 [info] Got 0 sessions for read:user,repo,user:email,workflow...
2025-07-28 13:27:34.949 [info] Getting sessions for user:email...
2025-07-28 13:27:34.949 [info] Got 1 sessions for user:email...
2025-07-28 13:27:34.961 [info] Getting sessions for all scopes...
2025-07-28 13:27:34.961 [info] Got 1 sessions for ...
2025-07-28 13:27:34.962 [info] Getting sessions for read:user,repo,user:email,workflow...
2025-07-28 13:27:34.962 [info] Got 0 sessions for read:user,repo,user:email,workflow...
2025-07-28 13:27:34.963 [info] Getting sessions for user:email...
2025-07-28 13:27:34.963 [info] Got 1 sessions for user:email...
2025-07-28 13:27:42.123 [info] Getting sessions for all scopes...
2025-07-28 13:27:42.123 [info] Got 1 sessions for ...
2025-07-28 13:27:42.124 [info] Getting sessions for read:user,repo,user:email,workflow...
2025-07-28 13:27:42.124 [info] Got 0 sessions for read:user,repo,user:email,workflow...
2025-07-28 13:27:42.125 [info] Getting sessions for user:email...
2025-07-28 13:27:42.125 [info] Got 1 sessions for user:email...
2025-07-28 13:27:49.297 [info] Getting sessions for all scopes...
2025-07-28 13:27:49.297 [info] Got 1 sessions for ...
2025-07-28 13:27:49.298 [info] Getting sessions for read:user,repo,user:email,workflow...
2025-07-28 13:27:49.298 [info] Got 0 sessions for read:user,repo,user:email,workflow...
2025-07-28 13:27:49.298 [info] Getting sessions for user:email...
2025-07-28 13:27:49.298 [info] Got 1 sessions for user:email...
2025-07-28 13:27:55.305 [info] Getting sessions for all scopes...
2025-07-28 13:27:55.305 [info] Got 1 sessions for ...
2025-07-28 13:27:55.305 [info] Getting sessions for read:user,repo,user:email,workflow...
2025-07-28 13:27:55.305 [info] Got 0 sessions for read:user,repo,user:email,workflow...
2025-07-28 13:27:55.306 [info] Getting sessions for user:email...
2025-07-28 13:27:55.306 [info] Got 1 sessions for user:email...
2025-07-28 13:29:58.565 [info] Getting sessions for all scopes...
2025-07-28 13:29:58.565 [info] Got 1 sessions for ...
2025-07-28 13:29:58.566 [info] Getting sessions for read:user,repo,user:email,workflow...
2025-07-28 13:29:58.566 [info] Got 0 sessions for read:user,repo,user:email,workflow...
2025-07-28 13:29:58.566 [info] Getting sessions for user:email...
2025-07-28 13:29:58.566 [info] Got 1 sessions for user:email...
2025-07-28 13:30:06.871 [info] Getting sessions for all scopes...
2025-07-28 13:30:06.871 [info] Got 1 sessions for ...
2025-07-28 13:30:06.872 [info] Getting sessions for read:user,repo,user:email,workflow...
2025-07-28 13:30:06.872 [info] Got 0 sessions for read:user,repo,user:email,workflow...
2025-07-28 13:30:06.885 [info] Getting sessions for user:email...
2025-07-28 13:30:06.886 [info] Got 1 sessions for user:email...
2025-07-28 13:30:13.967 [info] Getting sessions for all scopes...
2025-07-28 13:30:13.968 [info] Got 1 sessions for ...
2025-07-28 13:30:13.968 [info] Getting sessions for read:user,repo,user:email,workflow...
2025-07-28 13:30:13.968 [info] Got 0 sessions for read:user,repo,user:email,workflow...
2025-07-28 13:30:13.969 [info] Getting sessions for user:email...
2025-07-28 13:30:13.969 [info] Got 1 sessions for user:email...
2025-07-28 13:30:20.219 [info] Getting sessions for all scopes...
2025-07-28 13:30:20.219 [info] Got 1 sessions for ...
2025-07-28 13:30:20.220 [info] Getting sessions for read:user,repo,user:email,workflow...
2025-07-28 13:30:20.220 [info] Got 0 sessions for read:user,repo,user:email,workflow...
2025-07-28 13:30:20.221 [info] Getting sessions for user:email...
2025-07-28 13:30:20.221 [info] Got 1 sessions for user:email...
2025-07-28 13:30:25.530 [info] Getting sessions for all scopes...
2025-07-28 13:30:25.530 [info] Got 1 sessions for ...
2025-07-28 13:30:25.531 [info] Getting sessions for read:user,repo,user:email,workflow...
2025-07-28 13:30:25.531 [info] Got 0 sessions for read:user,repo,user:email,workflow...
2025-07-28 13:30:25.531 [info] Getting sessions for user:email...
2025-07-28 13:30:25.531 [info] Got 1 sessions for user:email...
2025-07-28 13:30:31.457 [info] Getting sessions for all scopes...
2025-07-28 13:30:31.457 [info] Got 1 sessions for ...
2025-07-28 13:30:31.457 [info] Getting sessions for read:user,repo,user:email,workflow...
2025-07-28 13:30:31.458 [info] Got 0 sessions for read:user,repo,user:email,workflow...
2025-07-28 13:30:31.458 [info] Getting sessions for user:email...
2025-07-28 13:30:31.458 [info] Got 1 sessions for user:email...
2025-07-28 13:30:38.430 [info] Getting sessions for all scopes...
2025-07-28 13:30:38.430 [info] Got 1 sessions for ...
2025-07-28 13:30:38.431 [info] Getting sessions for read:user,repo,user:email,workflow...
2025-07-28 13:30:38.431 [info] Got 0 sessions for read:user,repo,user:email,workflow...
2025-07-28 13:30:38.431 [info] Getting sessions for user:email...
2025-07-28 13:30:38.431 [info] Got 1 sessions for user:email...
2025-07-28 13:30:47.752 [info] Getting sessions for all scopes...
2025-07-28 13:30:47.752 [info] Got 1 sessions for ...
2025-07-28 13:30:47.752 [info] Getting sessions for read:user,repo,user:email,workflow...
2025-07-28 13:30:47.752 [info] Got 0 sessions for read:user,repo,user:email,workflow...
2025-07-28 13:30:47.753 [info] Getting sessions for user:email...
2025-07-28 13:30:47.753 [info] Got 1 sessions for user:email...
2025-07-28 13:30:56.575 [info] Getting sessions for all scopes...
2025-07-28 13:30:56.575 [info] Got 1 sessions for ...
2025-07-28 13:30:56.577 [info] Getting sessions for read:user,repo,user:email,workflow...
2025-07-28 13:30:56.577 [info] Got 0 sessions for read:user,repo,user:email,workflow...
2025-07-28 13:30:56.577 [info] Getting sessions for user:email...
2025-07-28 13:30:56.577 [info] Got 1 sessions for user:email...
2025-07-28 13:31:05.255 [info] Getting sessions for all scopes...
2025-07-28 13:31:05.255 [info] Got 1 sessions for ...
2025-07-28 13:31:05.255 [info] Getting sessions for read:user,repo,user:email,workflow...
2025-07-28 13:31:05.255 [info] Got 0 sessions for read:user,repo,user:email,workflow...
2025-07-28 13:31:05.256 [info] Getting sessions for user:email...
2025-07-28 13:31:05.256 [info] Got 1 sessions for user:email...
2025-07-28 13:31:11.980 [info] Getting sessions for all scopes...
2025-07-28 13:31:11.980 [info] Got 1 sessions for ...
2025-07-28 13:31:11.981 [info] Getting sessions for read:user,repo,user:email,workflow...
2025-07-28 13:31:11.981 [info] Got 0 sessions for read:user,repo,user:email,workflow...
2025-07-28 13:31:11.981 [info] Getting sessions for user:email...
2025-07-28 13:31:11.981 [info] Got 1 sessions for user:email...
2025-07-28 13:31:26.137 [info] Getting sessions for all scopes...
2025-07-28 13:31:26.137 [info] Got 1 sessions for ...
2025-07-28 13:31:26.137 [info] Getting sessions for read:user,repo,user:email,workflow...
2025-07-28 13:31:26.137 [info] Got 0 sessions for read:user,repo,user:email,workflow...
2025-07-28 13:31:26.138 [info] Getting sessions for user:email...
2025-07-28 13:31:26.138 [info] Got 1 sessions for user:email...
2025-07-28 13:31:37.760 [info] Getting sessions for all scopes...
2025-07-28 13:31:37.760 [info] Got 1 sessions for ...
2025-07-28 13:31:37.761 [info] Getting sessions for read:user,repo,user:email,workflow...
2025-07-28 13:31:37.761 [info] Got 0 sessions for read:user,repo,user:email,workflow...
2025-07-28 13:31:37.761 [info] Getting sessions for user:email...
2025-07-28 13:31:37.761 [info] Got 1 sessions for user:email...
2025-07-28 13:31:43.609 [info] Getting sessions for all scopes...
2025-07-28 13:31:43.609 [info] Got 1 sessions for ...
2025-07-28 13:31:43.610 [info] Getting sessions for read:user,repo,user:email,workflow...
2025-07-28 13:31:43.610 [info] Got 0 sessions for read:user,repo,user:email,workflow...
2025-07-28 13:31:43.610 [info] Getting sessions for user:email...
2025-07-28 13:31:43.610 [info] Got 1 sessions for user:email...
2025-07-28 13:31:52.118 [info] Getting sessions for all scopes...
2025-07-28 13:31:52.118 [info] Got 1 sessions for ...
2025-07-28 13:31:52.123 [info] Getting sessions for read:user,repo,user:email,workflow...
2025-07-28 13:31:52.123 [info] Got 0 sessions for read:user,repo,user:email,workflow...
2025-07-28 13:31:52.124 [info] Getting sessions for user:email...
2025-07-28 13:31:52.124 [info] Got 1 sessions for user:email...
2025-07-28 13:31:58.144 [info] Getting sessions for all scopes...
2025-07-28 13:31:58.144 [info] Got 1 sessions for ...
2025-07-28 13:31:58.144 [info] Getting sessions for read:user,repo,user:email,workflow...
2025-07-28 13:31:58.144 [info] Got 0 sessions for read:user,repo,user:email,workflow...
2025-07-28 13:31:58.145 [info] Getting sessions for user:email...
2025-07-28 13:31:58.145 [info] Got 1 sessions for user:email...
2025-07-28 13:33:36.537 [info] Getting sessions for all scopes...
2025-07-28 13:33:36.537 [info] Got 1 sessions for ...
2025-07-28 13:33:36.544 [info] Getting sessions for read:user,repo,user:email,workflow...
2025-07-28 13:33:36.544 [info] Got 0 sessions for read:user,repo,user:email,workflow...
2025-07-28 13:33:36.545 [info] Getting sessions for user:email...
2025-07-28 13:33:36.545 [info] Got 1 sessions for user:email...
2025-07-28 13:33:41.304 [info] Getting sessions for all scopes...
2025-07-28 13:33:41.304 [info] Got 1 sessions for ...
2025-07-28 13:33:41.304 [info] Getting sessions for read:user,repo,user:email,workflow...
2025-07-28 13:33:41.304 [info] Got 0 sessions for read:user,repo,user:email,workflow...
2025-07-28 13:33:41.305 [info] Getting sessions for user:email...
2025-07-28 13:33:41.305 [info] Got 1 sessions for user:email...
2025-07-28 13:33:44.478 [info] Getting sessions for all scopes...
2025-07-28 13:33:44.478 [info] Got 1 sessions for ...
2025-07-28 13:33:44.479 [info] Getting sessions for read:user,repo,user:email,workflow...
2025-07-28 13:33:44.479 [info] Got 0 sessions for read:user,repo,user:email,workflow...
2025-07-28 13:33:44.479 [info] Getting sessions for user:email...
2025-07-28 13:33:44.479 [info] Got 1 sessions for user:email...
2025-07-28 13:33:48.192 [info] Getting sessions for all scopes...
2025-07-28 13:33:48.192 [info] Got 1 sessions for ...
2025-07-28 13:33:48.192 [info] Getting sessions for read:user,repo,user:email,workflow...
2025-07-28 13:33:48.192 [info] Got 0 sessions for read:user,repo,user:email,workflow...
2025-07-28 13:33:48.193 [info] Getting sessions for user:email...
2025-07-28 13:33:48.193 [info] Got 1 sessions for user:email...
2025-07-28 13:33:48.329 [info] Getting sessions for all scopes...
2025-07-28 13:33:48.329 [info] Got 1 sessions for ...
2025-07-28 13:33:48.330 [info] Getting sessions for read:user,repo,user:email,workflow...
2025-07-28 13:33:48.330 [info] Got 0 sessions for read:user,repo,user:email,workflow...
2025-07-28 13:33:48.330 [info] Getting sessions for user:email...
2025-07-28 13:33:48.330 [info] Got 1 sessions for user:email...
2025-07-28 13:33:57.710 [info] Getting sessions for all scopes...
2025-07-28 13:33:57.710 [info] Got 1 sessions for ...
2025-07-28 13:33:57.711 [info] Getting sessions for read:user,repo,user:email,workflow...
2025-07-28 13:33:57.711 [info] Got 0 sessions for read:user,repo,user:email,workflow...
2025-07-28 13:33:57.714 [info] Getting sessions for user:email...
2025-07-28 13:33:57.714 [info] Got 1 sessions for user:email...
2025-07-28 13:34:05.057 [info] Getting sessions for all scopes...
2025-07-28 13:34:05.058 [info] Got 1 sessions for ...
2025-07-28 13:34:05.058 [info] Getting sessions for read:user,repo,user:email,workflow...
2025-07-28 13:34:05.058 [info] Got 0 sessions for read:user,repo,user:email,workflow...
2025-07-28 13:34:05.061 [info] Getting sessions for user:email...
2025-07-28 13:34:05.061 [info] Got 1 sessions for user:email...
2025-07-28 13:34:17.176 [info] Getting sessions for all scopes...
2025-07-28 13:34:17.176 [info] Got 1 sessions for ...
2025-07-28 13:34:17.177 [info] Getting sessions for read:user,repo,user:email,workflow...
2025-07-28 13:34:17.177 [info] Got 0 sessions for read:user,repo,user:email,workflow...
2025-07-28 13:34:17.177 [info] Getting sessions for user:email...
2025-07-28 13:34:17.177 [info] Got 1 sessions for user:email...
2025-07-28 13:34:23.043 [info] Getting sessions for all scopes...
2025-07-28 13:34:23.043 [info] Got 1 sessions for ...
2025-07-28 13:34:23.043 [info] Getting sessions for read:user,repo,user:email,workflow...
2025-07-28 13:34:23.043 [info] Got 0 sessions for read:user,repo,user:email,workflow...
2025-07-28 13:34:23.044 [info] Getting sessions for user:email...
2025-07-28 13:34:23.044 [info] Got 1 sessions for user:email...
2025-07-28 13:34:41.241 [info] Getting sessions for all scopes...
2025-07-28 13:34:41.241 [info] Got 1 sessions for ...
2025-07-28 13:34:41.242 [info] Getting sessions for read:user,repo,user:email,workflow...
2025-07-28 13:34:41.242 [info] Got 0 sessions for read:user,repo,user:email,workflow...
2025-07-28 13:34:41.242 [info] Getting sessions for user:email...
2025-07-28 13:34:41.242 [info] Got 1 sessions for user:email...
2025-07-28 13:34:49.050 [info] Getting sessions for all scopes...
2025-07-28 13:34:49.050 [info] Got 1 sessions for ...
2025-07-28 13:34:49.051 [info] Getting sessions for read:user,repo,user:email,workflow...
2025-07-28 13:34:49.051 [info] Got 0 sessions for read:user,repo,user:email,workflow...
2025-07-28 13:34:49.051 [info] Getting sessions for user:email...
2025-07-28 13:34:49.051 [info] Got 1 sessions for user:email...
2025-07-28 13:34:56.059 [info] Getting sessions for all scopes...
2025-07-28 13:34:56.059 [info] Got 1 sessions for ...
2025-07-28 13:34:56.060 [info] Getting sessions for read:user,repo,user:email,workflow...
2025-07-28 13:34:56.060 [info] Got 0 sessions for read:user,repo,user:email,workflow...
2025-07-28 13:34:56.061 [info] Getting sessions for user:email...
2025-07-28 13:34:56.061 [info] Got 1 sessions for user:email...
2025-07-28 13:35:59.091 [info] Getting sessions for all scopes...
2025-07-28 13:35:59.091 [info] Got 1 sessions for ...
2025-07-28 13:35:59.105 [info] Getting sessions for read:user,repo,user:email,workflow...
2025-07-28 13:35:59.105 [info] Got 0 sessions for read:user,repo,user:email,workflow...
2025-07-28 13:35:59.108 [info] Getting sessions for user:email...
2025-07-28 13:35:59.108 [info] Got 1 sessions for user:email...
2025-07-28 13:36:04.768 [info] Getting sessions for all scopes...
2025-07-28 13:36:04.768 [info] Got 1 sessions for ...
2025-07-28 13:36:04.769 [info] Getting sessions for read:user,repo,user:email,workflow...
2025-07-28 13:36:04.769 [info] Got 0 sessions for read:user,repo,user:email,workflow...
2025-07-28 13:36:04.769 [info] Getting sessions for user:email...
2025-07-28 13:36:04.769 [info] Got 1 sessions for user:email...
2025-07-28 13:36:18.638 [info] Getting sessions for all scopes...
2025-07-28 13:36:18.638 [info] Got 1 sessions for ...
2025-07-28 13:36:18.643 [info] Getting sessions for read:user,repo,user:email,workflow...
2025-07-28 13:36:18.643 [info] Got 0 sessions for read:user,repo,user:email,workflow...
2025-07-28 13:36:18.644 [info] Getting sessions for user:email...
2025-07-28 13:36:18.644 [info] Got 1 sessions for user:email...
2025-07-28 13:36:19.617 [info] Getting sessions for all scopes...
2025-07-28 13:36:19.617 [info] Got 1 sessions for ...
2025-07-28 13:36:19.621 [info] Getting sessions for read:user,repo,user:email,workflow...
2025-07-28 13:36:19.621 [info] Got 0 sessions for read:user,repo,user:email,workflow...
2025-07-28 13:36:19.621 [info] Getting sessions for user:email...
2025-07-28 13:36:19.621 [info] Got 1 sessions for user:email...
2025-07-28 13:36:23.773 [info] Getting sessions for all scopes...
2025-07-28 13:36:23.774 [info] Got 1 sessions for ...
2025-07-28 13:36:23.774 [info] Getting sessions for read:user,repo,user:email,workflow...
2025-07-28 13:36:23.774 [info] Got 0 sessions for read:user,repo,user:email,workflow...
2025-07-28 13:36:23.775 [info] Getting sessions for user:email...
2025-07-28 13:36:23.775 [info] Got 1 sessions for user:email...
2025-07-28 13:36:31.811 [info] Getting sessions for all scopes...
2025-07-28 13:36:31.811 [info] Got 1 sessions for ...
2025-07-28 13:36:31.812 [info] Getting sessions for read:user,repo,user:email,workflow...
2025-07-28 13:36:31.812 [info] Got 0 sessions for read:user,repo,user:email,workflow...
2025-07-28 13:36:31.813 [info] Getting sessions for user:email...
2025-07-28 13:36:31.813 [info] Got 1 sessions for user:email...
2025-07-28 13:36:40.442 [info] Getting sessions for all scopes...
2025-07-28 13:36:40.442 [info] Got 1 sessions for ...
2025-07-28 13:36:40.443 [info] Getting sessions for read:user,repo,user:email,workflow...
2025-07-28 13:36:40.443 [info] Got 0 sessions for read:user,repo,user:email,workflow...
2025-07-28 13:36:40.443 [info] Getting sessions for user:email...
2025-07-28 13:36:40.443 [info] Got 1 sessions for user:email...
2025-07-28 13:36:56.286 [info] Getting sessions for all scopes...
2025-07-28 13:36:56.286 [info] Got 1 sessions for ...
2025-07-28 13:36:56.287 [info] Getting sessions for read:user,repo,user:email,workflow...
2025-07-28 13:36:56.287 [info] Got 0 sessions for read:user,repo,user:email,workflow...
2025-07-28 13:36:56.287 [info] Getting sessions for user:email...
2025-07-28 13:36:56.287 [info] Got 1 sessions for user:email...
2025-07-28 13:37:19.622 [info] Getting sessions for all scopes...
2025-07-28 13:37:19.622 [info] Got 1 sessions for ...
2025-07-28 13:37:19.623 [info] Getting sessions for read:user,repo,user:email,workflow...
2025-07-28 13:37:19.623 [info] Got 0 sessions for read:user,repo,user:email,workflow...
2025-07-28 13:37:19.623 [info] Getting sessions for user:email...
2025-07-28 13:37:19.623 [info] Got 1 sessions for user:email...
2025-07-28 13:37:28.665 [info] Getting sessions for all scopes...
2025-07-28 13:37:28.665 [info] Got 1 sessions for ...
2025-07-28 13:37:28.666 [info] Getting sessions for read:user,repo,user:email,workflow...
2025-07-28 13:37:28.666 [info] Got 0 sessions for read:user,repo,user:email,workflow...
2025-07-28 13:37:28.666 [info] Getting sessions for user:email...
2025-07-28 13:37:28.666 [info] Got 1 sessions for user:email...
2025-07-28 13:37:40.198 [info] Getting sessions for all scopes...
2025-07-28 13:37:40.198 [info] Got 1 sessions for ...
2025-07-28 13:37:40.198 [info] Getting sessions for read:user,repo,user:email,workflow...
2025-07-28 13:37:40.198 [info] Got 0 sessions for read:user,repo,user:email,workflow...
2025-07-28 13:37:40.199 [info] Getting sessions for user:email...
2025-07-28 13:37:40.199 [info] Got 1 sessions for user:email...
2025-07-28 13:37:46.305 [info] Getting sessions for all scopes...
2025-07-28 13:37:46.305 [info] Got 1 sessions for ...
2025-07-28 13:37:46.306 [info] Getting sessions for read:user,repo,user:email,workflow...
2025-07-28 13:37:46.306 [info] Got 0 sessions for read:user,repo,user:email,workflow...
2025-07-28 13:37:46.306 [info] Getting sessions for user:email...
2025-07-28 13:37:46.306 [info] Got 1 sessions for user:email...
2025-07-28 13:38:39.834 [info] Getting sessions for all scopes...
2025-07-28 13:38:39.834 [info] Got 1 sessions for ...
2025-07-28 13:38:39.844 [info] Getting sessions for read:user,repo,user:email,workflow...
2025-07-28 13:38:39.844 [info] Got 0 sessions for read:user,repo,user:email,workflow...
2025-07-28 13:38:39.848 [info] Getting sessions for user:email...
2025-07-28 13:38:39.848 [info] Got 1 sessions for user:email...
2025-07-28 13:38:46.711 [info] Getting sessions for all scopes...
2025-07-28 13:38:46.711 [info] Got 1 sessions for ...
2025-07-28 13:38:46.712 [info] Getting sessions for read:user,repo,user:email,workflow...
2025-07-28 13:38:46.712 [info] Got 0 sessions for read:user,repo,user:email,workflow...
2025-07-28 13:38:46.712 [info] Getting sessions for user:email...
2025-07-28 13:38:46.712 [info] Got 1 sessions for user:email...
2025-07-28 13:38:48.597 [info] Getting sessions for all scopes...
2025-07-28 13:38:48.597 [info] Got 1 sessions for ...
2025-07-28 13:38:48.598 [info] Getting sessions for read:user,repo,user:email,workflow...
2025-07-28 13:38:48.598 [info] Got 0 sessions for read:user,repo,user:email,workflow...
2025-07-28 13:38:48.599 [info] Getting sessions for user:email...
2025-07-28 13:38:48.599 [info] Got 1 sessions for user:email...
2025-07-28 13:38:51.706 [info] Getting sessions for all scopes...
2025-07-28 13:38:51.706 [info] Got 1 sessions for ...
2025-07-28 13:38:51.706 [info] Getting sessions for read:user,repo,user:email,workflow...
2025-07-28 13:38:51.706 [info] Got 0 sessions for read:user,repo,user:email,workflow...
2025-07-28 13:38:51.707 [info] Getting sessions for user:email...
2025-07-28 13:38:51.707 [info] Got 1 sessions for user:email...
2025-07-28 13:38:55.783 [info] Getting sessions for all scopes...
2025-07-28 13:38:55.783 [info] Got 1 sessions for ...
2025-07-28 13:38:55.784 [info] Getting sessions for read:user,repo,user:email,workflow...
2025-07-28 13:38:55.784 [info] Got 0 sessions for read:user,repo,user:email,workflow...
2025-07-28 13:38:55.785 [info] Getting sessions for user:email...
2025-07-28 13:38:55.785 [info] Got 1 sessions for user:email...
2025-07-28 13:39:03.985 [info] Getting sessions for all scopes...
2025-07-28 13:39:03.985 [info] Got 1 sessions for ...
2025-07-28 13:39:03.986 [info] Getting sessions for read:user,repo,user:email,workflow...
2025-07-28 13:39:03.986 [info] Got 0 sessions for read:user,repo,user:email,workflow...
2025-07-28 13:39:03.987 [info] Getting sessions for user:email...
2025-07-28 13:39:03.987 [info] Got 1 sessions for user:email...
2025-07-28 13:39:13.804 [info] Getting sessions for all scopes...
2025-07-28 13:39:13.804 [info] Got 1 sessions for ...
2025-07-28 13:39:13.805 [info] Getting sessions for read:user,repo,user:email,workflow...
2025-07-28 13:39:13.805 [info] Got 0 sessions for read:user,repo,user:email,workflow...
2025-07-28 13:39:13.805 [info] Getting sessions for user:email...
2025-07-28 13:39:13.805 [info] Got 1 sessions for user:email...
2025-07-28 13:39:17.966 [info] Getting sessions for all scopes...
2025-07-28 13:39:17.966 [info] Got 1 sessions for ...
2025-07-28 13:39:17.967 [info] Getting sessions for read:user,repo,user:email,workflow...
2025-07-28 13:39:17.967 [info] Got 0 sessions for read:user,repo,user:email,workflow...
2025-07-28 13:39:17.968 [info] Getting sessions for user:email...
2025-07-28 13:39:17.968 [info] Got 1 sessions for user:email...
2025-07-28 13:39:24.901 [info] Getting sessions for all scopes...
2025-07-28 13:39:24.901 [info] Got 1 sessions for ...
2025-07-28 13:39:24.901 [info] Getting sessions for read:user,repo,user:email,workflow...
2025-07-28 13:39:24.901 [info] Got 0 sessions for read:user,repo,user:email,workflow...
2025-07-28 13:39:24.902 [info] Getting sessions for user:email...
2025-07-28 13:39:24.902 [info] Got 1 sessions for user:email...
2025-07-28 13:39:29.427 [info] Getting sessions for all scopes...
2025-07-28 13:39:29.428 [info] Got 1 sessions for ...
2025-07-28 13:39:29.428 [info] Getting sessions for read:user,repo,user:email,workflow...
2025-07-28 13:39:29.428 [info] Got 0 sessions for read:user,repo,user:email,workflow...
2025-07-28 13:39:29.429 [info] Getting sessions for user:email...
2025-07-28 13:39:29.429 [info] Got 1 sessions for user:email...
2025-07-28 13:39:33.422 [info] Getting sessions for all scopes...
2025-07-28 13:39:33.422 [info] Got 1 sessions for ...
2025-07-28 13:39:33.423 [info] Getting sessions for read:user,repo,user:email,workflow...
2025-07-28 13:39:33.423 [info] Got 0 sessions for read:user,repo,user:email,workflow...
2025-07-28 13:39:33.423 [info] Getting sessions for user:email...
2025-07-28 13:39:33.423 [info] Got 1 sessions for user:email...
2025-07-28 13:39:40.728 [info] Getting sessions for all scopes...
2025-07-28 13:39:40.728 [info] Got 1 sessions for ...
2025-07-28 13:39:40.729 [info] Getting sessions for read:user,repo,user:email,workflow...
2025-07-28 13:39:40.729 [info] Got 0 sessions for read:user,repo,user:email,workflow...
2025-07-28 13:39:40.730 [info] Getting sessions for user:email...
2025-07-28 13:39:40.730 [info] Got 1 sessions for user:email...
2025-07-28 13:39:45.406 [info] Getting sessions for all scopes...
2025-07-28 13:39:45.406 [info] Got 1 sessions for ...
2025-07-28 13:39:45.407 [info] Getting sessions for read:user,repo,user:email,workflow...
2025-07-28 13:39:45.407 [info] Got 0 sessions for read:user,repo,user:email,workflow...
2025-07-28 13:39:45.411 [info] Getting sessions for user:email...
2025-07-28 13:39:45.411 [info] Got 1 sessions for user:email...
2025-07-28 13:39:49.777 [info] Getting sessions for all scopes...
2025-07-28 13:39:49.778 [info] Got 1 sessions for ...
2025-07-28 13:39:49.778 [info] Getting sessions for read:user,repo,user:email,workflow...
2025-07-28 13:39:49.778 [info] Got 0 sessions for read:user,repo,user:email,workflow...
2025-07-28 13:39:49.779 [info] Getting sessions for user:email...
2025-07-28 13:39:49.779 [info] Got 1 sessions for user:email...
2025-07-28 13:39:54.246 [info] Getting sessions for all scopes...
2025-07-28 13:39:54.246 [info] Got 1 sessions for ...
2025-07-28 13:39:54.246 [info] Getting sessions for read:user,repo,user:email,workflow...
2025-07-28 13:39:54.246 [info] Got 0 sessions for read:user,repo,user:email,workflow...
2025-07-28 13:39:54.247 [info] Getting sessions for user:email...
2025-07-28 13:39:54.247 [info] Got 1 sessions for user:email...
2025-07-28 13:40:05.809 [info] Getting sessions for all scopes...
2025-07-28 13:40:05.809 [info] Got 1 sessions for ...
2025-07-28 13:40:05.810 [info] Getting sessions for read:user,repo,user:email,workflow...
2025-07-28 13:40:05.810 [info] Got 0 sessions for read:user,repo,user:email,workflow...
2025-07-28 13:40:05.811 [info] Getting sessions for user:email...
2025-07-28 13:40:05.811 [info] Got 1 sessions for user:email...
2025-07-28 13:40:09.198 [info] Getting sessions for all scopes...
2025-07-28 13:40:09.198 [info] Got 1 sessions for ...
2025-07-28 13:40:09.199 [info] Getting sessions for read:user,repo,user:email,workflow...
2025-07-28 13:40:09.199 [info] Got 0 sessions for read:user,repo,user:email,workflow...
2025-07-28 13:40:09.199 [info] Getting sessions for user:email...
2025-07-28 13:40:09.199 [info] Got 1 sessions for user:email...
2025-07-28 13:40:13.620 [info] Getting sessions for all scopes...
2025-07-28 13:40:13.620 [info] Got 1 sessions for ...
2025-07-28 13:40:13.620 [info] Getting sessions for read:user,repo,user:email,workflow...
2025-07-28 13:40:13.620 [info] Got 0 sessions for read:user,repo,user:email,workflow...
2025-07-28 13:40:13.621 [info] Getting sessions for user:email...
2025-07-28 13:40:13.621 [info] Got 1 sessions for user:email...
2025-07-28 13:40:23.532 [info] Getting sessions for all scopes...
2025-07-28 13:40:23.532 [info] Got 1 sessions for ...
2025-07-28 13:40:23.537 [info] Getting sessions for read:user,repo,user:email,workflow...
2025-07-28 13:40:23.537 [info] Got 0 sessions for read:user,repo,user:email,workflow...
2025-07-28 13:40:23.538 [info] Getting sessions for user:email...
2025-07-28 13:40:23.538 [info] Got 1 sessions for user:email...
2025-07-28 13:40:28.758 [info] Getting sessions for all scopes...
2025-07-28 13:40:28.758 [info] Got 1 sessions for ...
2025-07-28 13:40:28.759 [info] Getting sessions for read:user,repo,user:email,workflow...
2025-07-28 13:40:28.759 [info] Got 0 sessions for read:user,repo,user:email,workflow...
2025-07-28 13:40:28.759 [info] Getting sessions for user:email...
2025-07-28 13:40:28.759 [info] Got 1 sessions for user:email...
2025-07-28 13:40:38.000 [info] Getting sessions for all scopes...
2025-07-28 13:40:38.000 [info] Got 1 sessions for ...
2025-07-28 13:40:38.000 [info] Getting sessions for read:user,repo,user:email,workflow...
2025-07-28 13:40:38.000 [info] Got 0 sessions for read:user,repo,user:email,workflow...
2025-07-28 13:40:38.001 [info] Getting sessions for user:email...
2025-07-28 13:40:38.001 [info] Got 1 sessions for user:email...
2025-07-28 13:40:46.627 [info] Getting sessions for all scopes...
2025-07-28 13:40:46.627 [info] Got 1 sessions for ...
2025-07-28 13:40:46.627 [info] Getting sessions for read:user,repo,user:email,workflow...
2025-07-28 13:40:46.627 [info] Got 0 sessions for read:user,repo,user:email,workflow...
2025-07-28 13:40:46.628 [info] Getting sessions for user:email...
2025-07-28 13:40:46.628 [info] Got 1 sessions for user:email...
