2025-07-28 13:11:15.537 [info] [main] Log level: Info
2025-07-28 13:11:15.537 [info] [main] Validating found git in: "git"
2025-07-28 13:11:15.537 [info] [main] Using git "2.50.1" from "git"
2025-07-28 13:11:15.537 [info] [Model][doInitialScan] Initial repository scan started
2025-07-28 13:11:15.537 [info] > git rev-parse --show-toplevel [4ms]
2025-07-28 13:11:15.537 [info] fatal: not a git repository (or any of the parent directories): .git
2025-07-28 13:11:15.537 [info] > git rev-parse --show-toplevel [6ms]
2025-07-28 13:11:15.537 [info] fatal: not a git repository (or any of the parent directories): .git
2025-07-28 13:11:15.537 [info] > git rev-parse --show-toplevel [1ms]
2025-07-28 13:11:15.537 [info] fatal: not a git repository (or any of the parent directories): .git
2025-07-28 13:11:15.540 [info] [Model][doInitialScan] Initial repository scan completed - repositories (0), closed repositories (0), parent repositories (0), unsafe repositories (0)
2025-07-28 13:11:15.548 [info] > git rev-parse --show-toplevel [1ms]
2025-07-28 13:11:15.548 [info] fatal: not a git repository (or any of the parent directories): .git
2025-07-28 13:11:15.592 [info] > git rev-parse --show-toplevel [5ms]
2025-07-28 13:11:15.592 [info] fatal: not a git repository (or any of the parent directories): .git
2025-07-28 13:11:17.494 [info] > git rev-parse --show-toplevel [23ms]
2025-07-28 13:11:17.494 [info] fatal: not a git repository (or any of the parent directories): .git
2025-07-28 13:11:26.355 [info] > git rev-parse --show-toplevel [2ms]
2025-07-28 13:11:26.356 [info] fatal: not a git repository (or any of the parent directories): .git
2025-07-28 13:11:26.842 [info] > git rev-parse --show-toplevel [2ms]
2025-07-28 13:11:26.842 [info] fatal: not a git repository (or any of the parent directories): .git
2025-07-28 13:11:29.113 [info] > git rev-parse --show-toplevel [1ms]
2025-07-28 13:11:29.113 [info] fatal: not a git repository (or any of the parent directories): .git
2025-07-28 13:11:31.852 [info] > git rev-parse --show-toplevel [1ms]
2025-07-28 13:11:31.852 [info] fatal: not a git repository (or any of the parent directories): .git
2025-07-28 13:11:41.011 [info] > git rev-parse --show-toplevel [1ms]
2025-07-28 13:11:41.011 [info] fatal: not a git repository (or any of the parent directories): .git
2025-07-28 13:11:46.967 [info] > git rev-parse --show-toplevel [1ms]
2025-07-28 13:11:46.967 [info] fatal: not a git repository (or any of the parent directories): .git
2025-07-28 13:12:41.739 [info] > git rev-parse --show-toplevel [1ms]
2025-07-28 13:12:41.739 [info] fatal: not a git repository (or any of the parent directories): .git
2025-07-28 13:12:42.205 [info] > git rev-parse --show-toplevel [1ms]
2025-07-28 13:12:42.205 [info] fatal: not a git repository (or any of the parent directories): .git
2025-07-28 13:12:42.687 [info] > git rev-parse --show-toplevel [1ms]
2025-07-28 13:12:42.687 [info] fatal: not a git repository (or any of the parent directories): .git
2025-07-28 13:12:43.598 [info] > git rev-parse --show-toplevel [1ms]
2025-07-28 13:12:43.598 [info] fatal: not a git repository (or any of the parent directories): .git
2025-07-28 13:12:44.704 [info] > git rev-parse --show-toplevel [1ms]
2025-07-28 13:12:44.704 [info] fatal: not a git repository (or any of the parent directories): .git
2025-07-28 13:12:45.620 [info] > git rev-parse --show-toplevel [1ms]
2025-07-28 13:12:45.621 [info] fatal: not a git repository (or any of the parent directories): .git
2025-07-28 13:12:46.675 [info] > git rev-parse --show-toplevel [1ms]
2025-07-28 13:12:46.675 [info] fatal: not a git repository (or any of the parent directories): .git
2025-07-28 13:13:31.732 [info] > git rev-parse --show-toplevel [2ms]
2025-07-28 13:13:31.732 [info] fatal: not a git repository (or any of the parent directories): .git
