2025-07-28 13:41:05.443 [info] Reading sessions from keychain...
2025-07-28 13:41:05.443 [info] Getting sessions for all scopes...
2025-07-28 13:41:05.443 [info] Got stored sessions!
2025-07-28 13:41:05.443 [info] Got 1 verified sessions.
2025-07-28 13:41:05.443 [info] Got 1 sessions for ...
2025-07-28 13:41:05.443 [info] Getting sessions for all scopes...
2025-07-28 13:41:05.443 [info] Got 1 sessions for ...
2025-07-28 13:41:05.443 [info] Getting sessions for all scopes...
2025-07-28 13:41:05.443 [info] Got 1 sessions for ...
2025-07-28 13:41:05.443 [info] Getting sessions for all scopes...
2025-07-28 13:41:05.443 [info] Got 1 sessions for ...
2025-07-28 13:41:05.443 [info] Getting sessions for all scopes...
2025-07-28 13:41:05.443 [info] Got 1 sessions for ...
2025-07-28 13:41:05.443 [info] Getting sessions for all scopes...
2025-07-28 13:41:05.443 [info] Got 1 sessions for ...
2025-07-28 13:41:05.443 [info] Getting sessions for all scopes...
2025-07-28 13:41:05.443 [info] Got 1 sessions for ...
2025-07-28 13:41:05.443 [info] Getting sessions for all scopes...
2025-07-28 13:41:05.443 [info] Got 1 sessions for ...
2025-07-28 13:41:05.447 [info] Getting sessions for all scopes...
2025-07-28 13:41:05.447 [info] Got 1 sessions for ...
2025-07-28 13:41:05.461 [info] Getting sessions for all scopes...
2025-07-28 13:41:05.461 [info] Got 1 sessions for ...
2025-07-28 13:41:05.462 [info] Getting sessions for all scopes...
2025-07-28 13:41:05.462 [info] Got 1 sessions for ...
2025-07-28 13:41:05.462 [info] Getting sessions for all scopes...
2025-07-28 13:41:05.462 [info] Got 1 sessions for ...
2025-07-28 13:41:05.462 [info] Getting sessions for all scopes...
2025-07-28 13:41:05.462 [info] Got 1 sessions for ...
2025-07-28 13:41:05.462 [info] Getting sessions for all scopes...
2025-07-28 13:41:05.462 [info] Got 1 sessions for ...
2025-07-28 13:41:05.463 [info] Getting sessions for all scopes...
2025-07-28 13:41:05.463 [info] Got 1 sessions for ...
2025-07-28 13:41:05.463 [info] Getting sessions for all scopes...
2025-07-28 13:41:05.463 [info] Got 1 sessions for ...
2025-07-28 13:41:05.545 [info] Getting sessions for read:user,repo,user:email,workflow...
2025-07-28 13:41:05.545 [info] Got 0 sessions for read:user,repo,user:email,workflow...
2025-07-28 13:41:05.618 [info] Getting sessions for user:email...
2025-07-28 13:41:05.618 [info] Got 1 sessions for user:email...
2025-07-28 13:41:05.619 [info] Getting sessions for read:user,repo,user:email,workflow...
2025-07-28 13:41:05.619 [info] Got 0 sessions for read:user,repo,user:email,workflow...
2025-07-28 13:41:05.624 [info] Getting sessions for all scopes...
2025-07-28 13:41:05.624 [info] Got 1 sessions for ...
2025-07-28 13:41:05.625 [info] Getting sessions for read:user,repo,user:email,workflow...
2025-07-28 13:41:05.625 [info] Got 0 sessions for read:user,repo,user:email,workflow...
2025-07-28 13:41:05.626 [info] Getting sessions for user:email...
2025-07-28 13:41:05.626 [info] Got 1 sessions for user:email...
2025-07-28 13:41:05.627 [info] Getting sessions for all scopes...
2025-07-28 13:41:05.627 [info] Got 1 sessions for ...
2025-07-28 13:41:05.627 [info] Getting sessions for all scopes...
2025-07-28 13:41:05.627 [info] Got 1 sessions for ...
2025-07-28 13:41:05.629 [info] Getting sessions for read:user,repo,user:email,workflow...
2025-07-28 13:41:05.629 [info] Got 0 sessions for read:user,repo,user:email,workflow...
2025-07-28 13:41:05.631 [info] Getting sessions for user:email...
2025-07-28 13:41:05.631 [info] Got 1 sessions for user:email...
2025-07-28 13:41:05.786 [info] Getting sessions for all scopes...
2025-07-28 13:41:05.786 [info] Got 1 sessions for ...
2025-07-28 13:41:05.822 [info] Getting sessions for read:user,repo,user:email,workflow...
2025-07-28 13:41:05.822 [info] Got 0 sessions for read:user,repo,user:email,workflow...
2025-07-28 13:41:05.863 [info] Getting sessions for user:email...
2025-07-28 13:41:05.863 [info] Got 1 sessions for user:email...
2025-07-28 13:41:07.295 [info] Getting sessions for all scopes...
2025-07-28 13:41:07.295 [info] Got 1 sessions for ...
2025-07-28 13:41:07.303 [info] Getting sessions for all scopes...
2025-07-28 13:41:07.303 [info] Got 1 sessions for ...
2025-07-28 13:41:07.303 [info] Getting sessions for all scopes...
2025-07-28 13:41:07.303 [info] Got 1 sessions for ...
2025-07-28 13:41:07.304 [info] Getting sessions for all scopes...
2025-07-28 13:41:07.304 [info] Got 1 sessions for ...
2025-07-28 13:41:07.806 [info] Getting sessions for all scopes...
2025-07-28 13:41:07.806 [info] Got 1 sessions for ...
2025-07-28 13:41:07.810 [info] Getting sessions for all scopes...
2025-07-28 13:41:07.810 [info] Got 1 sessions for ...
2025-07-28 13:41:07.810 [info] Getting sessions for read:user,repo,user:email,workflow...
2025-07-28 13:41:07.810 [info] Got 0 sessions for read:user,repo,user:email,workflow...
2025-07-28 13:41:07.811 [info] Getting sessions for all scopes...
2025-07-28 13:41:07.811 [info] Got 1 sessions for ...
2025-07-28 13:41:07.811 [info] Getting sessions for read:user...
2025-07-28 13:41:07.811 [info] Got 0 sessions for read:user...
2025-07-28 13:41:07.812 [info] Getting sessions for read:user,repo,user:email,workflow...
2025-07-28 13:41:07.812 [info] Got 0 sessions for read:user,repo,user:email,workflow...
2025-07-28 13:41:07.812 [info] Getting sessions for user:email...
2025-07-28 13:41:07.812 [info] Got 1 sessions for user:email...
2025-07-28 13:41:07.815 [info] Getting sessions for user:email...
2025-07-28 13:41:07.815 [info] Got 1 sessions for user:email...
2025-07-28 13:41:08.005 [info] Getting sessions for all scopes...
2025-07-28 13:41:08.005 [info] Got 1 sessions for ...
2025-07-28 13:41:08.005 [info] Getting sessions for all scopes...
2025-07-28 13:41:08.005 [info] Got 1 sessions for ...
2025-07-28 13:41:08.013 [info] Getting sessions for read:user,repo,user:email,workflow...
2025-07-28 13:41:08.013 [info] Got 0 sessions for read:user,repo,user:email,workflow...
2025-07-28 13:41:08.014 [info] Getting sessions for user:email...
2025-07-28 13:41:08.014 [info] Got 1 sessions for user:email...
2025-07-28 13:41:08.014 [info] Getting sessions for read:user,repo,user:email,workflow...
2025-07-28 13:41:08.014 [info] Got 0 sessions for read:user,repo,user:email,workflow...
2025-07-28 13:41:08.015 [info] Getting sessions for all scopes...
2025-07-28 13:41:08.015 [info] Got 1 sessions for ...
2025-07-28 13:41:08.016 [info] Getting sessions for read:user,repo,user:email,workflow...
2025-07-28 13:41:08.016 [info] Got 0 sessions for read:user,repo,user:email,workflow...
2025-07-28 13:41:08.017 [info] Getting sessions for user:email...
2025-07-28 13:41:08.017 [info] Got 1 sessions for user:email...
2025-07-28 13:41:08.068 [info] Getting sessions for all scopes...
2025-07-28 13:41:08.068 [info] Got 1 sessions for ...
2025-07-28 13:41:08.068 [info] Getting sessions for all scopes...
2025-07-28 13:41:08.068 [info] Got 1 sessions for ...
2025-07-28 13:41:08.069 [info] Getting sessions for read:user,repo,user:email,workflow...
2025-07-28 13:41:08.069 [info] Got 0 sessions for read:user,repo,user:email,workflow...
2025-07-28 13:41:08.069 [info] Getting sessions for user:email...
2025-07-28 13:41:08.069 [info] Got 1 sessions for user:email...
2025-07-28 13:41:08.069 [info] Getting sessions for read:user,repo,user:email,workflow...
2025-07-28 13:41:08.069 [info] Got 0 sessions for read:user,repo,user:email,workflow...
2025-07-28 13:41:08.072 [info] Getting sessions for all scopes...
2025-07-28 13:41:08.072 [info] Got 1 sessions for ...
2025-07-28 13:41:08.073 [info] Getting sessions for all scopes...
2025-07-28 13:41:08.073 [info] Got 1 sessions for ...
2025-07-28 13:41:08.074 [info] Getting sessions for all scopes...
2025-07-28 13:41:08.074 [info] Got 1 sessions for ...
2025-07-28 13:41:08.074 [info] Getting sessions for read:user,repo,user:email,workflow...
2025-07-28 13:41:08.074 [info] Got 0 sessions for read:user,repo,user:email,workflow...
2025-07-28 13:41:08.075 [info] Getting sessions for user:email...
2025-07-28 13:41:08.075 [info] Got 1 sessions for user:email...
2025-07-28 13:41:08.716 [info] Getting sessions for all scopes...
2025-07-28 13:41:08.716 [info] Got 1 sessions for ...
2025-07-28 13:41:08.885 [info] Getting sessions for all scopes...
2025-07-28 13:41:08.885 [info] Got 1 sessions for ...
2025-07-28 13:41:08.886 [info] Getting sessions for read:user,repo,user:email,workflow...
2025-07-28 13:41:08.886 [info] Got 0 sessions for read:user,repo,user:email,workflow...
2025-07-28 13:41:08.887 [info] Getting sessions for user:email...
2025-07-28 13:41:08.887 [info] Got 1 sessions for user:email...
2025-07-28 13:41:31.904 [info] Getting sessions for all scopes...
2025-07-28 13:41:31.904 [info] Got 1 sessions for ...
2025-07-28 13:41:31.905 [info] Getting sessions for read:user,repo,user:email,workflow...
2025-07-28 13:41:31.905 [info] Got 0 sessions for read:user,repo,user:email,workflow...
2025-07-28 13:41:31.906 [info] Getting sessions for user:email...
2025-07-28 13:41:31.906 [info] Got 1 sessions for user:email...
2025-07-28 13:41:58.654 [info] Getting sessions for all scopes...
2025-07-28 13:41:58.655 [info] Got 1 sessions for ...
2025-07-28 13:41:58.655 [info] Getting sessions for read:user,repo,user:email,workflow...
2025-07-28 13:41:58.655 [info] Got 0 sessions for read:user,repo,user:email,workflow...
2025-07-28 13:41:58.656 [info] Getting sessions for user:email...
2025-07-28 13:41:58.656 [info] Got 1 sessions for user:email...
2025-07-28 13:41:59.305 [info] Getting sessions for all scopes...
2025-07-28 13:41:59.305 [info] Got 1 sessions for ...
2025-07-28 13:41:59.306 [info] Getting sessions for read:user,repo,user:email,workflow...
2025-07-28 13:41:59.306 [info] Got 0 sessions for read:user,repo,user:email,workflow...
2025-07-28 13:41:59.307 [info] Getting sessions for user:email...
2025-07-28 13:41:59.307 [info] Got 1 sessions for user:email...
2025-07-28 13:42:00.965 [info] Getting sessions for all scopes...
2025-07-28 13:42:00.965 [info] Got 1 sessions for ...
2025-07-28 13:42:00.966 [info] Getting sessions for read:user,repo,user:email,workflow...
2025-07-28 13:42:00.966 [info] Got 0 sessions for read:user,repo,user:email,workflow...
2025-07-28 13:42:00.966 [info] Getting sessions for user:email...
2025-07-28 13:42:00.966 [info] Got 1 sessions for user:email...
2025-07-28 13:45:23.305 [info] Getting sessions for all scopes...
2025-07-28 13:45:23.305 [info] Got 1 sessions for ...
2025-07-28 13:45:23.311 [info] Getting sessions for read:user,repo,user:email,workflow...
2025-07-28 13:45:23.311 [info] Got 0 sessions for read:user,repo,user:email,workflow...
2025-07-28 13:45:23.312 [info] Getting sessions for user:email...
2025-07-28 13:45:23.312 [info] Got 1 sessions for user:email...
2025-07-28 13:45:29.411 [info] Getting sessions for all scopes...
2025-07-28 13:45:29.411 [info] Got 1 sessions for ...
2025-07-28 13:45:29.411 [info] Getting sessions for read:user,repo,user:email,workflow...
2025-07-28 13:45:29.411 [info] Got 0 sessions for read:user,repo,user:email,workflow...
2025-07-28 13:45:29.412 [info] Getting sessions for user:email...
2025-07-28 13:45:29.412 [info] Got 1 sessions for user:email...
2025-07-28 13:45:40.381 [info] Getting sessions for all scopes...
2025-07-28 13:45:40.381 [info] Got 1 sessions for ...
2025-07-28 13:45:40.381 [info] Getting sessions for read:user,repo,user:email,workflow...
2025-07-28 13:45:40.381 [info] Got 0 sessions for read:user,repo,user:email,workflow...
2025-07-28 13:45:40.382 [info] Getting sessions for user:email...
2025-07-28 13:45:40.382 [info] Got 1 sessions for user:email...
2025-07-28 13:45:47.508 [info] Getting sessions for all scopes...
2025-07-28 13:45:47.508 [info] Got 1 sessions for ...
2025-07-28 13:45:47.509 [info] Getting sessions for read:user,repo,user:email,workflow...
2025-07-28 13:45:47.509 [info] Got 0 sessions for read:user,repo,user:email,workflow...
2025-07-28 13:45:47.510 [info] Getting sessions for user:email...
2025-07-28 13:45:47.510 [info] Got 1 sessions for user:email...
2025-07-28 13:45:58.310 [info] Getting sessions for all scopes...
2025-07-28 13:45:58.310 [info] Got 1 sessions for ...
2025-07-28 13:45:58.310 [info] Getting sessions for read:user,repo,user:email,workflow...
2025-07-28 13:45:58.310 [info] Got 0 sessions for read:user,repo,user:email,workflow...
2025-07-28 13:45:58.311 [info] Getting sessions for user:email...
2025-07-28 13:45:58.311 [info] Got 1 sessions for user:email...
2025-07-28 13:46:02.581 [info] Getting sessions for all scopes...
2025-07-28 13:46:02.581 [info] Got 1 sessions for ...
2025-07-28 13:46:02.581 [info] Getting sessions for read:user,repo,user:email,workflow...
2025-07-28 13:46:02.581 [info] Got 0 sessions for read:user,repo,user:email,workflow...
2025-07-28 13:46:02.582 [info] Getting sessions for user:email...
2025-07-28 13:46:02.582 [info] Got 1 sessions for user:email...
2025-07-28 13:46:12.259 [info] Getting sessions for all scopes...
2025-07-28 13:46:12.259 [info] Got 1 sessions for ...
2025-07-28 13:46:12.260 [info] Getting sessions for read:user,repo,user:email,workflow...
2025-07-28 13:46:12.260 [info] Got 0 sessions for read:user,repo,user:email,workflow...
2025-07-28 13:46:12.260 [info] Getting sessions for user:email...
2025-07-28 13:46:12.260 [info] Got 1 sessions for user:email...
2025-07-28 13:46:18.680 [info] Getting sessions for all scopes...
2025-07-28 13:46:18.680 [info] Got 1 sessions for ...
2025-07-28 13:46:18.681 [info] Getting sessions for read:user,repo,user:email,workflow...
2025-07-28 13:46:18.681 [info] Got 0 sessions for read:user,repo,user:email,workflow...
2025-07-28 13:46:18.681 [info] Getting sessions for user:email...
2025-07-28 13:46:18.681 [info] Got 1 sessions for user:email...
2025-07-28 13:46:27.496 [info] Getting sessions for all scopes...
2025-07-28 13:46:27.496 [info] Got 1 sessions for ...
2025-07-28 13:46:27.497 [info] Getting sessions for read:user,repo,user:email,workflow...
2025-07-28 13:46:27.497 [info] Got 0 sessions for read:user,repo,user:email,workflow...
2025-07-28 13:46:27.498 [info] Getting sessions for user:email...
2025-07-28 13:46:27.498 [info] Got 1 sessions for user:email...
2025-07-28 13:46:28.625 [info] Getting sessions for all scopes...
2025-07-28 13:46:28.625 [info] Got 1 sessions for ...
2025-07-28 13:46:28.625 [info] Getting sessions for read:user,repo,user:email,workflow...
2025-07-28 13:46:28.625 [info] Got 0 sessions for read:user,repo,user:email,workflow...
2025-07-28 13:46:28.626 [info] Getting sessions for user:email...
2025-07-28 13:46:28.626 [info] Got 1 sessions for user:email...
2025-07-28 13:46:32.791 [info] Getting sessions for all scopes...
2025-07-28 13:46:32.791 [info] Got 1 sessions for ...
2025-07-28 13:46:32.791 [info] Getting sessions for read:user,repo,user:email,workflow...
2025-07-28 13:46:32.791 [info] Got 0 sessions for read:user,repo,user:email,workflow...
2025-07-28 13:46:32.792 [info] Getting sessions for user:email...
2025-07-28 13:46:32.792 [info] Got 1 sessions for user:email...
2025-07-28 13:46:39.631 [info] Getting sessions for all scopes...
2025-07-28 13:46:39.631 [info] Got 1 sessions for ...
2025-07-28 13:46:39.631 [info] Getting sessions for read:user,repo,user:email,workflow...
2025-07-28 13:46:39.631 [info] Got 0 sessions for read:user,repo,user:email,workflow...
2025-07-28 13:46:39.632 [info] Getting sessions for user:email...
2025-07-28 13:46:39.632 [info] Got 1 sessions for user:email...
2025-07-28 13:46:47.520 [info] Getting sessions for all scopes...
2025-07-28 13:46:47.520 [info] Got 1 sessions for ...
2025-07-28 13:46:47.520 [info] Getting sessions for read:user,repo,user:email,workflow...
2025-07-28 13:46:47.520 [info] Got 0 sessions for read:user,repo,user:email,workflow...
2025-07-28 13:46:47.521 [info] Getting sessions for user:email...
2025-07-28 13:46:47.521 [info] Got 1 sessions for user:email...
2025-07-28 13:46:52.095 [info] Getting sessions for all scopes...
2025-07-28 13:46:52.095 [info] Got 1 sessions for ...
2025-07-28 13:46:52.096 [info] Getting sessions for read:user,repo,user:email,workflow...
2025-07-28 13:46:52.096 [info] Got 0 sessions for read:user,repo,user:email,workflow...
2025-07-28 13:46:52.097 [info] Getting sessions for user:email...
2025-07-28 13:46:52.097 [info] Got 1 sessions for user:email...
2025-07-28 13:47:00.538 [info] Getting sessions for all scopes...
2025-07-28 13:47:00.538 [info] Got 1 sessions for ...
2025-07-28 13:47:00.539 [info] Getting sessions for read:user,repo,user:email,workflow...
2025-07-28 13:47:00.539 [info] Got 0 sessions for read:user,repo,user:email,workflow...
2025-07-28 13:47:00.540 [info] Getting sessions for user:email...
2025-07-28 13:47:00.540 [info] Got 1 sessions for user:email...
2025-07-28 13:47:08.910 [info] Getting sessions for all scopes...
2025-07-28 13:47:08.910 [info] Got 1 sessions for ...
2025-07-28 13:47:08.911 [info] Getting sessions for read:user,repo,user:email,workflow...
2025-07-28 13:47:08.911 [info] Got 0 sessions for read:user,repo,user:email,workflow...
2025-07-28 13:47:08.911 [info] Getting sessions for user:email...
2025-07-28 13:47:08.911 [info] Got 1 sessions for user:email...
2025-07-28 13:47:18.481 [info] Getting sessions for all scopes...
2025-07-28 13:47:18.481 [info] Got 1 sessions for ...
2025-07-28 13:47:18.481 [info] Getting sessions for read:user,repo,user:email,workflow...
2025-07-28 13:47:18.481 [info] Got 0 sessions for read:user,repo,user:email,workflow...
2025-07-28 13:47:18.483 [info] Getting sessions for user:email...
2025-07-28 13:47:18.483 [info] Got 1 sessions for user:email...
2025-07-28 13:47:24.448 [info] Getting sessions for all scopes...
2025-07-28 13:47:24.448 [info] Got 1 sessions for ...
2025-07-28 13:47:24.448 [info] Getting sessions for read:user,repo,user:email,workflow...
2025-07-28 13:47:24.448 [info] Got 0 sessions for read:user,repo,user:email,workflow...
2025-07-28 13:47:24.449 [info] Getting sessions for user:email...
2025-07-28 13:47:24.449 [info] Got 1 sessions for user:email...
2025-07-28 13:47:29.005 [info] Getting sessions for all scopes...
2025-07-28 13:47:29.005 [info] Got 1 sessions for ...
2025-07-28 13:47:29.006 [info] Getting sessions for read:user,repo,user:email,workflow...
2025-07-28 13:47:29.006 [info] Got 0 sessions for read:user,repo,user:email,workflow...
2025-07-28 13:47:29.007 [info] Getting sessions for user:email...
2025-07-28 13:47:29.007 [info] Got 1 sessions for user:email...
2025-07-28 13:47:36.605 [info] Getting sessions for all scopes...
2025-07-28 13:47:36.605 [info] Got 1 sessions for ...
2025-07-28 13:47:36.606 [info] Getting sessions for read:user,repo,user:email,workflow...
2025-07-28 13:47:36.606 [info] Got 0 sessions for read:user,repo,user:email,workflow...
2025-07-28 13:47:36.606 [info] Getting sessions for user:email...
2025-07-28 13:47:36.606 [info] Got 1 sessions for user:email...
2025-07-28 13:47:43.074 [info] Getting sessions for all scopes...
2025-07-28 13:47:43.074 [info] Got 1 sessions for ...
2025-07-28 13:47:43.075 [info] Getting sessions for read:user,repo,user:email,workflow...
2025-07-28 13:47:43.075 [info] Got 0 sessions for read:user,repo,user:email,workflow...
2025-07-28 13:47:43.075 [info] Getting sessions for user:email...
2025-07-28 13:47:43.075 [info] Got 1 sessions for user:email...
2025-07-28 13:47:47.548 [info] Getting sessions for all scopes...
2025-07-28 13:47:47.548 [info] Got 1 sessions for ...
2025-07-28 13:47:47.549 [info] Getting sessions for read:user,repo,user:email,workflow...
2025-07-28 13:47:47.549 [info] Got 0 sessions for read:user,repo,user:email,workflow...
2025-07-28 13:47:47.550 [info] Getting sessions for user:email...
2025-07-28 13:47:47.550 [info] Got 1 sessions for user:email...
2025-07-28 13:47:52.019 [info] Getting sessions for all scopes...
2025-07-28 13:47:52.019 [info] Got 1 sessions for ...
2025-07-28 13:47:52.019 [info] Getting sessions for read:user,repo,user:email,workflow...
2025-07-28 13:47:52.019 [info] Got 0 sessions for read:user,repo,user:email,workflow...
2025-07-28 13:47:52.020 [info] Getting sessions for user:email...
2025-07-28 13:47:52.020 [info] Got 1 sessions for user:email...
2025-07-28 13:48:06.355 [info] Getting sessions for all scopes...
2025-07-28 13:48:06.355 [info] Got 1 sessions for ...
2025-07-28 13:48:06.355 [info] Getting sessions for read:user,repo,user:email,workflow...
2025-07-28 13:48:06.355 [info] Got 0 sessions for read:user,repo,user:email,workflow...
2025-07-28 13:48:06.356 [info] Getting sessions for user:email...
2025-07-28 13:48:06.356 [info] Got 1 sessions for user:email...
2025-07-28 13:48:12.654 [info] Getting sessions for all scopes...
2025-07-28 13:48:12.654 [info] Got 1 sessions for ...
2025-07-28 13:48:12.655 [info] Getting sessions for read:user,repo,user:email,workflow...
2025-07-28 13:48:12.655 [info] Got 0 sessions for read:user,repo,user:email,workflow...
2025-07-28 13:48:12.655 [info] Getting sessions for user:email...
2025-07-28 13:48:12.655 [info] Got 1 sessions for user:email...
2025-07-28 13:48:18.669 [info] Getting sessions for all scopes...
2025-07-28 13:48:18.669 [info] Got 1 sessions for ...
2025-07-28 13:48:18.670 [info] Getting sessions for read:user,repo,user:email,workflow...
2025-07-28 13:48:18.670 [info] Got 0 sessions for read:user,repo,user:email,workflow...
2025-07-28 13:48:18.670 [info] Getting sessions for user:email...
2025-07-28 13:48:18.670 [info] Got 1 sessions for user:email...
2025-07-28 13:48:53.743 [info] Getting sessions for all scopes...
2025-07-28 13:48:53.743 [info] Got 1 sessions for ...
2025-07-28 13:48:53.744 [info] Getting sessions for read:user,repo,user:email,workflow...
2025-07-28 13:48:53.744 [info] Got 0 sessions for read:user,repo,user:email,workflow...
2025-07-28 13:48:53.745 [info] Getting sessions for user:email...
2025-07-28 13:48:53.745 [info] Got 1 sessions for user:email...
2025-07-28 13:48:54.726 [info] Getting sessions for all scopes...
2025-07-28 13:48:54.726 [info] Got 1 sessions for ...
2025-07-28 13:48:54.726 [info] Getting sessions for read:user,repo,user:email,workflow...
2025-07-28 13:48:54.726 [info] Got 0 sessions for read:user,repo,user:email,workflow...
2025-07-28 13:48:54.727 [info] Getting sessions for user:email...
2025-07-28 13:48:54.727 [info] Got 1 sessions for user:email...
2025-07-28 13:49:47.153 [info] Getting sessions for all scopes...
2025-07-28 13:49:47.153 [info] Got 1 sessions for ...
2025-07-28 13:49:47.153 [info] Getting sessions for read:user,repo,user:email,workflow...
2025-07-28 13:49:47.153 [info] Got 0 sessions for read:user,repo,user:email,workflow...
2025-07-28 13:49:47.154 [info] Getting sessions for user:email...
2025-07-28 13:49:47.154 [info] Got 1 sessions for user:email...
2025-07-28 13:49:47.930 [info] Getting sessions for all scopes...
2025-07-28 13:49:47.930 [info] Got 1 sessions for ...
2025-07-28 13:49:47.931 [info] Getting sessions for read:user,repo,user:email,workflow...
2025-07-28 13:49:47.931 [info] Got 0 sessions for read:user,repo,user:email,workflow...
2025-07-28 13:49:47.932 [info] Getting sessions for user:email...
2025-07-28 13:49:47.932 [info] Got 1 sessions for user:email...
2025-07-28 13:50:35.030 [info] Reading sessions from keychain...
2025-07-28 13:50:35.030 [info] Getting sessions for all scopes...
2025-07-28 13:50:35.035 [info] Got stored sessions!
2025-07-28 13:50:35.035 [info] Got 1 verified sessions.
2025-07-28 13:50:35.035 [info] Got 1 sessions for ...
2025-07-28 13:50:35.035 [info] Getting sessions for all scopes...
2025-07-28 13:50:35.035 [info] Got 1 sessions for ...
2025-07-28 13:50:35.035 [info] Getting sessions for all scopes...
2025-07-28 13:50:35.035 [info] Got 1 sessions for ...
2025-07-28 13:50:35.035 [info] Getting sessions for all scopes...
2025-07-28 13:50:35.035 [info] Got 1 sessions for ...
2025-07-28 13:50:35.035 [info] Getting sessions for all scopes...
2025-07-28 13:50:35.035 [info] Got 1 sessions for ...
2025-07-28 13:50:35.035 [info] Getting sessions for all scopes...
2025-07-28 13:50:35.035 [info] Got 1 sessions for ...
2025-07-28 13:50:35.035 [info] Getting sessions for all scopes...
2025-07-28 13:50:35.035 [info] Got 1 sessions for ...
2025-07-28 13:50:35.036 [info] Getting sessions for all scopes...
2025-07-28 13:50:35.036 [info] Got 1 sessions for ...
2025-07-28 13:50:35.037 [info] Getting sessions for all scopes...
2025-07-28 13:50:35.037 [info] Got 1 sessions for ...
2025-07-28 13:50:35.037 [info] Getting sessions for all scopes...
2025-07-28 13:50:35.037 [info] Got 1 sessions for ...
2025-07-28 13:50:35.037 [info] Getting sessions for all scopes...
2025-07-28 13:50:35.037 [info] Got 1 sessions for ...
2025-07-28 13:50:35.037 [info] Getting sessions for all scopes...
2025-07-28 13:50:35.037 [info] Got 1 sessions for ...
2025-07-28 13:50:35.037 [info] Getting sessions for all scopes...
2025-07-28 13:50:35.037 [info] Got 1 sessions for ...
2025-07-28 13:50:35.060 [info] Getting sessions for all scopes...
2025-07-28 13:50:35.060 [info] Got 1 sessions for ...
2025-07-28 13:50:35.241 [info] Getting sessions for all scopes...
2025-07-28 13:50:35.241 [info] Got 1 sessions for ...
2025-07-28 13:50:37.003 [info] Getting sessions for all scopes...
2025-07-28 13:50:37.003 [info] Got 1 sessions for ...
2025-07-28 13:50:37.003 [info] Getting sessions for all scopes...
2025-07-28 13:50:37.003 [info] Got 1 sessions for ...
2025-07-28 13:50:37.006 [info] Getting sessions for all scopes...
2025-07-28 13:50:37.006 [info] Got 1 sessions for ...
2025-07-28 13:50:41.014 [info] Getting sessions for all scopes...
2025-07-28 13:50:41.014 [info] Got 1 sessions for ...
2025-07-28 13:50:41.014 [info] Getting sessions for all scopes...
2025-07-28 13:50:41.014 [info] Got 1 sessions for ...
2025-07-28 13:50:41.360 [info] Getting sessions for all scopes...
2025-07-28 13:50:41.360 [info] Got 1 sessions for ...
2025-07-28 13:50:41.361 [info] Getting sessions for read:user,repo,user:email,workflow...
2025-07-28 13:50:41.361 [info] Got 0 sessions for read:user,repo,user:email,workflow...
2025-07-28 13:50:41.361 [info] Getting sessions for all scopes...
2025-07-28 13:50:41.361 [info] Got 1 sessions for ...
2025-07-28 13:50:41.361 [info] Getting sessions for read:user,repo,user:email,workflow...
2025-07-28 13:50:41.361 [info] Got 0 sessions for read:user,repo,user:email,workflow...
2025-07-28 13:50:41.381 [info] Getting sessions for user:email...
2025-07-28 13:50:41.381 [info] Got 1 sessions for user:email...
2025-07-28 13:50:41.381 [info] Getting sessions for read:user,repo,user:email,workflow...
2025-07-28 13:50:41.381 [info] Got 0 sessions for read:user,repo,user:email,workflow...
2025-07-28 13:50:41.381 [info] Getting sessions for read:user...
2025-07-28 13:50:41.381 [info] Got 0 sessions for read:user...
2025-07-28 13:50:41.440 [info] Getting sessions for all scopes...
2025-07-28 13:50:41.440 [info] Got 1 sessions for ...
2025-07-28 13:50:41.440 [info] Getting sessions for user:email...
2025-07-28 13:50:41.440 [info] Got 1 sessions for user:email...
2025-07-28 13:50:41.461 [info] Getting sessions for read:user,repo,user:email,workflow...
2025-07-28 13:50:41.461 [info] Got 0 sessions for read:user,repo,user:email,workflow...
2025-07-28 13:50:41.482 [info] Getting sessions for user:email...
2025-07-28 13:50:41.482 [info] Got 1 sessions for user:email...
2025-07-28 13:50:41.618 [info] Getting sessions for all scopes...
2025-07-28 13:50:41.618 [info] Got 1 sessions for ...
2025-07-28 13:50:41.692 [info] Getting sessions for read:user,repo,user:email,workflow...
2025-07-28 13:50:41.692 [info] Got 0 sessions for read:user,repo,user:email,workflow...
2025-07-28 13:50:41.732 [info] Getting sessions for user:email...
2025-07-28 13:50:41.732 [info] Got 1 sessions for user:email...
2025-07-28 13:50:41.935 [info] Getting sessions for all scopes...
2025-07-28 13:50:41.935 [info] Got 1 sessions for ...
2025-07-28 13:50:41.936 [info] Getting sessions for read:user,repo,user:email,workflow...
2025-07-28 13:50:41.936 [info] Got 0 sessions for read:user,repo,user:email,workflow...
2025-07-28 13:50:41.936 [info] Getting sessions for user:email...
2025-07-28 13:50:41.936 [info] Got 1 sessions for user:email...
2025-07-28 13:50:42.414 [info] Getting sessions for all scopes...
2025-07-28 13:50:42.414 [info] Got 1 sessions for ...
2025-07-28 13:50:42.415 [info] Getting sessions for all scopes...
2025-07-28 13:50:42.415 [info] Got 1 sessions for ...
2025-07-28 13:50:42.423 [info] Getting sessions for read:user,repo,user:email,workflow...
2025-07-28 13:50:42.423 [info] Got 0 sessions for read:user,repo,user:email,workflow...
2025-07-28 13:50:42.425 [info] Getting sessions for user:email...
2025-07-28 13:50:42.425 [info] Got 1 sessions for user:email...
2025-07-28 13:50:42.425 [info] Getting sessions for read:user,repo,user:email,workflow...
2025-07-28 13:50:42.425 [info] Got 0 sessions for read:user,repo,user:email,workflow...
2025-07-28 13:50:42.427 [info] Getting sessions for all scopes...
2025-07-28 13:50:42.427 [info] Got 1 sessions for ...
2025-07-28 13:50:42.427 [info] Getting sessions for read:user,repo,user:email,workflow...
2025-07-28 13:50:42.427 [info] Got 0 sessions for read:user,repo,user:email,workflow...
2025-07-28 13:50:42.428 [info] Getting sessions for user:email...
2025-07-28 13:50:42.428 [info] Got 1 sessions for user:email...
2025-07-28 13:50:42.478 [info] Getting sessions for all scopes...
2025-07-28 13:50:42.478 [info] Got 1 sessions for ...
2025-07-28 13:50:42.478 [info] Getting sessions for all scopes...
2025-07-28 13:50:42.478 [info] Got 1 sessions for ...
2025-07-28 13:50:42.479 [info] Getting sessions for read:user,repo,user:email,workflow...
2025-07-28 13:50:42.479 [info] Got 0 sessions for read:user,repo,user:email,workflow...
2025-07-28 13:50:42.479 [info] Getting sessions for user:email...
2025-07-28 13:50:42.479 [info] Got 1 sessions for user:email...
2025-07-28 13:50:42.480 [info] Getting sessions for read:user,repo,user:email,workflow...
2025-07-28 13:50:42.480 [info] Got 0 sessions for read:user,repo,user:email,workflow...
2025-07-28 13:50:42.482 [info] Getting sessions for all scopes...
2025-07-28 13:50:42.482 [info] Got 1 sessions for ...
2025-07-28 13:50:42.483 [info] Getting sessions for all scopes...
2025-07-28 13:50:42.483 [info] Got 1 sessions for ...
2025-07-28 13:50:42.483 [info] Getting sessions for all scopes...
2025-07-28 13:50:42.483 [info] Got 1 sessions for ...
2025-07-28 13:50:42.484 [info] Getting sessions for read:user,repo,user:email,workflow...
2025-07-28 13:50:42.484 [info] Got 0 sessions for read:user,repo,user:email,workflow...
2025-07-28 13:50:42.486 [info] Getting sessions for user:email...
2025-07-28 13:50:42.486 [info] Got 1 sessions for user:email...
2025-07-28 13:50:43.111 [info] Getting sessions for all scopes...
2025-07-28 13:50:43.111 [info] Got 1 sessions for ...
2025-07-28 13:50:43.279 [info] Getting sessions for all scopes...
2025-07-28 13:50:43.279 [info] Got 1 sessions for ...
2025-07-28 13:50:43.280 [info] Getting sessions for read:user,repo,user:email,workflow...
2025-07-28 13:50:43.280 [info] Got 0 sessions for read:user,repo,user:email,workflow...
2025-07-28 13:50:43.281 [info] Getting sessions for user:email...
2025-07-28 13:50:43.281 [info] Got 1 sessions for user:email...
2025-07-28 13:50:51.311 [info] Getting sessions for all scopes...
2025-07-28 13:50:51.311 [info] Got 1 sessions for ...
2025-07-28 13:50:51.311 [info] Getting sessions for read:user,repo,user:email,workflow...
2025-07-28 13:50:51.311 [info] Got 0 sessions for read:user,repo,user:email,workflow...
2025-07-28 13:50:51.312 [info] Getting sessions for user:email...
2025-07-28 13:50:51.312 [info] Got 1 sessions for user:email...
2025-07-28 13:50:52.101 [info] Getting sessions for all scopes...
2025-07-28 13:50:52.101 [info] Got 1 sessions for ...
2025-07-28 13:50:52.103 [info] Getting sessions for read:user,repo,user:email,workflow...
2025-07-28 13:50:52.103 [info] Got 0 sessions for read:user,repo,user:email,workflow...
2025-07-28 13:50:52.104 [info] Getting sessions for user:email...
2025-07-28 13:50:52.104 [info] Got 1 sessions for user:email...
2025-07-28 13:51:00.814 [info] Getting sessions for all scopes...
2025-07-28 13:51:00.814 [info] Got 1 sessions for ...
2025-07-28 13:51:00.815 [info] Getting sessions for read:user,repo,user:email,workflow...
2025-07-28 13:51:00.815 [info] Got 0 sessions for read:user,repo,user:email,workflow...
2025-07-28 13:51:00.816 [info] Getting sessions for user:email...
2025-07-28 13:51:00.816 [info] Got 1 sessions for user:email...
2025-07-28 13:51:36.257 [info] Getting sessions for all scopes...
2025-07-28 13:51:36.257 [info] Got 1 sessions for ...
2025-07-28 13:51:36.258 [info] Getting sessions for read:user,repo,user:email,workflow...
2025-07-28 13:51:36.258 [info] Got 0 sessions for read:user,repo,user:email,workflow...
2025-07-28 13:51:36.258 [info] Getting sessions for user:email...
2025-07-28 13:51:36.258 [info] Got 1 sessions for user:email...
2025-07-28 13:51:39.868 [info] Getting sessions for all scopes...
2025-07-28 13:51:39.868 [info] Got 1 sessions for ...
2025-07-28 13:51:39.869 [info] Getting sessions for read:user,repo,user:email,workflow...
2025-07-28 13:51:39.869 [info] Got 0 sessions for read:user,repo,user:email,workflow...
2025-07-28 13:51:39.872 [info] Getting sessions for user:email...
2025-07-28 13:51:39.872 [info] Got 1 sessions for user:email...
2025-07-28 13:51:42.574 [info] Getting sessions for all scopes...
2025-07-28 13:51:42.574 [info] Got 1 sessions for ...
2025-07-28 13:51:42.574 [info] Getting sessions for read:user,repo,user:email,workflow...
2025-07-28 13:51:42.574 [info] Got 0 sessions for read:user,repo,user:email,workflow...
2025-07-28 13:51:42.575 [info] Getting sessions for user:email...
2025-07-28 13:51:42.575 [info] Got 1 sessions for user:email...
2025-07-28 13:51:45.772 [info] Getting sessions for all scopes...
2025-07-28 13:51:45.772 [info] Got 1 sessions for ...
2025-07-28 13:51:45.773 [info] Getting sessions for read:user,repo,user:email,workflow...
2025-07-28 13:51:45.773 [info] Got 0 sessions for read:user,repo,user:email,workflow...
2025-07-28 13:51:45.774 [info] Getting sessions for user:email...
2025-07-28 13:51:45.774 [info] Got 1 sessions for user:email...
2025-07-28 13:51:48.979 [info] Getting sessions for all scopes...
2025-07-28 13:51:48.979 [info] Got 1 sessions for ...
2025-07-28 13:51:48.980 [info] Getting sessions for read:user,repo,user:email,workflow...
2025-07-28 13:51:48.980 [info] Got 0 sessions for read:user,repo,user:email,workflow...
2025-07-28 13:51:48.981 [info] Getting sessions for user:email...
2025-07-28 13:51:48.981 [info] Got 1 sessions for user:email...
2025-07-28 13:51:52.018 [info] Getting sessions for all scopes...
2025-07-28 13:51:52.018 [info] Got 1 sessions for ...
2025-07-28 13:51:52.019 [info] Getting sessions for read:user,repo,user:email,workflow...
2025-07-28 13:51:52.019 [info] Got 0 sessions for read:user,repo,user:email,workflow...
2025-07-28 13:51:52.019 [info] Getting sessions for user:email...
2025-07-28 13:51:52.019 [info] Got 1 sessions for user:email...
2025-07-28 13:51:56.228 [info] Getting sessions for all scopes...
2025-07-28 13:51:56.228 [info] Got 1 sessions for ...
2025-07-28 13:51:56.229 [info] Getting sessions for read:user,repo,user:email,workflow...
2025-07-28 13:51:56.229 [info] Got 0 sessions for read:user,repo,user:email,workflow...
2025-07-28 13:51:56.229 [info] Getting sessions for user:email...
2025-07-28 13:51:56.229 [info] Got 1 sessions for user:email...
2025-07-28 13:52:17.994 [info] Getting sessions for all scopes...
2025-07-28 13:52:17.994 [info] Got 1 sessions for ...
2025-07-28 13:52:17.995 [info] Getting sessions for read:user,repo,user:email,workflow...
2025-07-28 13:52:17.995 [info] Got 0 sessions for read:user,repo,user:email,workflow...
2025-07-28 13:52:17.996 [info] Getting sessions for user:email...
2025-07-28 13:52:17.996 [info] Got 1 sessions for user:email...
2025-07-28 13:53:09.252 [info] Getting sessions for all scopes...
2025-07-28 13:53:09.252 [info] Got 1 sessions for ...
2025-07-28 13:53:09.252 [info] Getting sessions for read:user,repo,user:email,workflow...
2025-07-28 13:53:09.252 [info] Got 0 sessions for read:user,repo,user:email,workflow...
2025-07-28 13:53:09.253 [info] Getting sessions for user:email...
2025-07-28 13:53:09.253 [info] Got 1 sessions for user:email...
2025-07-28 13:53:14.920 [info] Getting sessions for all scopes...
2025-07-28 13:53:14.920 [info] Got 1 sessions for ...
2025-07-28 13:53:14.921 [info] Getting sessions for read:user,repo,user:email,workflow...
2025-07-28 13:53:14.922 [info] Got 0 sessions for read:user,repo,user:email,workflow...
2025-07-28 13:53:14.922 [info] Getting sessions for user:email...
2025-07-28 13:53:14.922 [info] Got 1 sessions for user:email...
2025-07-28 13:53:21.403 [info] Getting sessions for all scopes...
2025-07-28 13:53:21.403 [info] Got 1 sessions for ...
2025-07-28 13:53:21.404 [info] Getting sessions for read:user,repo,user:email,workflow...
2025-07-28 13:53:21.404 [info] Got 0 sessions for read:user,repo,user:email,workflow...
2025-07-28 13:53:21.404 [info] Getting sessions for user:email...
2025-07-28 13:53:21.404 [info] Got 1 sessions for user:email...
2025-07-28 13:53:26.037 [info] Getting sessions for all scopes...
2025-07-28 13:53:26.037 [info] Got 1 sessions for ...
2025-07-28 13:53:26.037 [info] Getting sessions for read:user,repo,user:email,workflow...
2025-07-28 13:53:26.037 [info] Got 0 sessions for read:user,repo,user:email,workflow...
2025-07-28 13:53:26.038 [info] Getting sessions for user:email...
2025-07-28 13:53:26.038 [info] Got 1 sessions for user:email...
2025-07-28 13:53:31.983 [info] Getting sessions for all scopes...
2025-07-28 13:53:31.983 [info] Got 1 sessions for ...
2025-07-28 13:53:31.984 [info] Getting sessions for read:user,repo,user:email,workflow...
2025-07-28 13:53:31.984 [info] Got 0 sessions for read:user,repo,user:email,workflow...
2025-07-28 13:53:31.985 [info] Getting sessions for user:email...
2025-07-28 13:53:31.985 [info] Got 1 sessions for user:email...
2025-07-28 13:54:03.085 [info] Getting sessions for all scopes...
2025-07-28 13:54:03.085 [info] Got 1 sessions for ...
2025-07-28 13:54:03.085 [info] Getting sessions for read:user,repo,user:email,workflow...
2025-07-28 13:54:03.085 [info] Got 0 sessions for read:user,repo,user:email,workflow...
2025-07-28 13:54:03.086 [info] Getting sessions for user:email...
2025-07-28 13:54:03.086 [info] Got 1 sessions for user:email...
2025-07-28 13:54:10.319 [info] Getting sessions for all scopes...
2025-07-28 13:54:10.320 [info] Got 1 sessions for ...
2025-07-28 13:54:10.320 [info] Getting sessions for read:user,repo,user:email,workflow...
2025-07-28 13:54:10.320 [info] Got 0 sessions for read:user,repo,user:email,workflow...
2025-07-28 13:54:10.321 [info] Getting sessions for user:email...
2025-07-28 13:54:10.321 [info] Got 1 sessions for user:email...
2025-07-28 13:54:15.621 [info] Getting sessions for all scopes...
2025-07-28 13:54:15.621 [info] Got 1 sessions for ...
2025-07-28 13:54:15.622 [info] Getting sessions for read:user,repo,user:email,workflow...
2025-07-28 13:54:15.622 [info] Got 0 sessions for read:user,repo,user:email,workflow...
2025-07-28 13:54:15.623 [info] Getting sessions for user:email...
2025-07-28 13:54:15.623 [info] Got 1 sessions for user:email...
2025-07-28 13:54:21.014 [info] Getting sessions for all scopes...
2025-07-28 13:54:21.014 [info] Got 1 sessions for ...
2025-07-28 13:54:21.014 [info] Getting sessions for read:user,repo,user:email,workflow...
2025-07-28 13:54:21.014 [info] Got 0 sessions for read:user,repo,user:email,workflow...
2025-07-28 13:54:21.015 [info] Getting sessions for user:email...
2025-07-28 13:54:21.015 [info] Got 1 sessions for user:email...
2025-07-28 13:54:26.358 [info] Getting sessions for all scopes...
2025-07-28 13:54:26.358 [info] Got 1 sessions for ...
2025-07-28 13:54:26.359 [info] Getting sessions for read:user,repo,user:email,workflow...
2025-07-28 13:54:26.359 [info] Got 0 sessions for read:user,repo,user:email,workflow...
2025-07-28 13:54:26.359 [info] Getting sessions for user:email...
2025-07-28 13:54:26.359 [info] Got 1 sessions for user:email...
2025-07-28 13:54:31.175 [info] Getting sessions for all scopes...
2025-07-28 13:54:31.175 [info] Got 1 sessions for ...
2025-07-28 13:54:31.208 [info] Getting sessions for read:user,repo,user:email,workflow...
2025-07-28 13:54:31.208 [info] Got 0 sessions for read:user,repo,user:email,workflow...
2025-07-28 13:54:31.209 [info] Getting sessions for user:email...
2025-07-28 13:54:31.209 [info] Got 1 sessions for user:email...
2025-07-28 13:55:19.494 [info] Getting sessions for all scopes...
2025-07-28 13:55:19.494 [info] Got 1 sessions for ...
2025-07-28 13:55:19.495 [info] Getting sessions for read:user,repo,user:email,workflow...
2025-07-28 13:55:19.495 [info] Got 0 sessions for read:user,repo,user:email,workflow...
2025-07-28 13:55:19.496 [info] Getting sessions for user:email...
2025-07-28 13:55:19.496 [info] Got 1 sessions for user:email...
2025-07-28 13:55:26.275 [info] Getting sessions for all scopes...
2025-07-28 13:55:26.275 [info] Got 1 sessions for ...
2025-07-28 13:55:26.276 [info] Getting sessions for read:user,repo,user:email,workflow...
2025-07-28 13:55:26.276 [info] Got 0 sessions for read:user,repo,user:email,workflow...
2025-07-28 13:55:26.277 [info] Getting sessions for user:email...
2025-07-28 13:55:26.277 [info] Got 1 sessions for user:email...
2025-07-28 13:55:30.994 [info] Getting sessions for all scopes...
2025-07-28 13:55:30.994 [info] Got 1 sessions for ...
2025-07-28 13:55:30.995 [info] Getting sessions for read:user,repo,user:email,workflow...
2025-07-28 13:55:30.995 [info] Got 0 sessions for read:user,repo,user:email,workflow...
2025-07-28 13:55:30.995 [info] Getting sessions for user:email...
2025-07-28 13:55:30.995 [info] Got 1 sessions for user:email...
2025-07-28 13:55:36.151 [info] Getting sessions for all scopes...
2025-07-28 13:55:36.151 [info] Got 1 sessions for ...
2025-07-28 13:55:36.165 [info] Getting sessions for read:user,repo,user:email,workflow...
2025-07-28 13:55:36.165 [info] Got 0 sessions for read:user,repo,user:email,workflow...
2025-07-28 13:55:36.166 [info] Getting sessions for user:email...
2025-07-28 13:55:36.166 [info] Got 1 sessions for user:email...
2025-07-28 13:55:39.407 [info] Getting sessions for all scopes...
2025-07-28 13:55:39.407 [info] Got 1 sessions for ...
2025-07-28 13:55:39.408 [info] Getting sessions for read:user,repo,user:email,workflow...
2025-07-28 13:55:39.408 [info] Got 0 sessions for read:user,repo,user:email,workflow...
2025-07-28 13:55:39.409 [info] Getting sessions for user:email...
2025-07-28 13:55:39.409 [info] Got 1 sessions for user:email...
2025-07-28 13:55:45.370 [info] Getting sessions for all scopes...
2025-07-28 13:55:45.370 [info] Got 1 sessions for ...
2025-07-28 13:55:45.371 [info] Getting sessions for read:user,repo,user:email,workflow...
2025-07-28 13:55:45.371 [info] Got 0 sessions for read:user,repo,user:email,workflow...
2025-07-28 13:55:45.371 [info] Getting sessions for user:email...
2025-07-28 13:55:45.371 [info] Got 1 sessions for user:email...
2025-07-28 13:55:51.703 [info] Getting sessions for all scopes...
2025-07-28 13:55:51.703 [info] Got 1 sessions for ...
2025-07-28 13:55:51.704 [info] Getting sessions for read:user,repo,user:email,workflow...
2025-07-28 13:55:51.704 [info] Got 0 sessions for read:user,repo,user:email,workflow...
2025-07-28 13:55:51.704 [info] Getting sessions for user:email...
2025-07-28 13:55:51.704 [info] Got 1 sessions for user:email...
2025-07-28 13:55:57.940 [info] Getting sessions for all scopes...
2025-07-28 13:55:57.940 [info] Got 1 sessions for ...
2025-07-28 13:55:57.941 [info] Getting sessions for read:user,repo,user:email,workflow...
2025-07-28 13:55:57.941 [info] Got 0 sessions for read:user,repo,user:email,workflow...
2025-07-28 13:55:57.942 [info] Getting sessions for user:email...
2025-07-28 13:55:57.942 [info] Got 1 sessions for user:email...
2025-07-28 13:56:25.201 [info] Getting sessions for all scopes...
2025-07-28 13:56:25.201 [info] Got 1 sessions for ...
2025-07-28 13:56:25.201 [info] Getting sessions for read:user,repo,user:email,workflow...
2025-07-28 13:56:25.201 [info] Got 0 sessions for read:user,repo,user:email,workflow...
2025-07-28 13:56:25.202 [info] Getting sessions for user:email...
2025-07-28 13:56:25.202 [info] Got 1 sessions for user:email...
2025-07-28 13:56:42.750 [info] Getting sessions for all scopes...
2025-07-28 13:56:42.750 [info] Got 1 sessions for ...
2025-07-28 13:56:42.751 [info] Getting sessions for read:user,repo,user:email,workflow...
2025-07-28 13:56:42.751 [info] Got 0 sessions for read:user,repo,user:email,workflow...
2025-07-28 13:56:42.752 [info] Getting sessions for user:email...
2025-07-28 13:56:42.752 [info] Got 1 sessions for user:email...
2025-07-28 13:56:47.762 [info] Getting sessions for all scopes...
2025-07-28 13:56:47.762 [info] Got 1 sessions for ...
2025-07-28 13:56:47.763 [info] Getting sessions for read:user,repo,user:email,workflow...
2025-07-28 13:56:47.763 [info] Got 0 sessions for read:user,repo,user:email,workflow...
2025-07-28 13:56:47.763 [info] Getting sessions for user:email...
2025-07-28 13:56:47.763 [info] Got 1 sessions for user:email...
2025-07-28 13:56:52.944 [info] Getting sessions for all scopes...
2025-07-28 13:56:52.944 [info] Got 1 sessions for ...
2025-07-28 13:56:52.944 [info] Getting sessions for read:user,repo,user:email,workflow...
2025-07-28 13:56:52.944 [info] Got 0 sessions for read:user,repo,user:email,workflow...
2025-07-28 13:56:52.945 [info] Getting sessions for user:email...
2025-07-28 13:56:52.945 [info] Got 1 sessions for user:email...
2025-07-28 13:57:04.399 [info] Getting sessions for all scopes...
2025-07-28 13:57:04.399 [info] Got 1 sessions for ...
2025-07-28 13:57:04.400 [info] Getting sessions for read:user,repo,user:email,workflow...
2025-07-28 13:57:04.400 [info] Got 0 sessions for read:user,repo,user:email,workflow...
2025-07-28 13:57:04.400 [info] Getting sessions for user:email...
2025-07-28 13:57:04.400 [info] Got 1 sessions for user:email...
2025-07-28 13:59:57.198 [info] Getting sessions for all scopes...
2025-07-28 13:59:57.198 [info] Got 1 sessions for ...
2025-07-28 13:59:57.198 [info] Getting sessions for read:user,repo,user:email,workflow...
2025-07-28 13:59:57.198 [info] Got 0 sessions for read:user,repo,user:email,workflow...
2025-07-28 13:59:57.199 [info] Getting sessions for user:email...
2025-07-28 13:59:57.199 [info] Got 1 sessions for user:email...
2025-07-28 14:00:02.562 [info] Getting sessions for all scopes...
2025-07-28 14:00:02.562 [info] Got 1 sessions for ...
2025-07-28 14:00:02.563 [info] Getting sessions for read:user,repo,user:email,workflow...
2025-07-28 14:00:02.563 [info] Got 0 sessions for read:user,repo,user:email,workflow...
2025-07-28 14:00:02.564 [info] Getting sessions for user:email...
2025-07-28 14:00:02.564 [info] Got 1 sessions for user:email...
2025-07-28 14:00:06.760 [info] Getting sessions for all scopes...
2025-07-28 14:00:06.760 [info] Got 1 sessions for ...
2025-07-28 14:00:06.760 [info] Getting sessions for read:user,repo,user:email,workflow...
2025-07-28 14:00:06.760 [info] Got 0 sessions for read:user,repo,user:email,workflow...
2025-07-28 14:00:06.761 [info] Getting sessions for user:email...
2025-07-28 14:00:06.761 [info] Got 1 sessions for user:email...
2025-07-28 14:00:13.839 [info] Getting sessions for all scopes...
2025-07-28 14:00:13.839 [info] Got 1 sessions for ...
2025-07-28 14:00:13.840 [info] Getting sessions for read:user,repo,user:email,workflow...
2025-07-28 14:00:13.840 [info] Got 0 sessions for read:user,repo,user:email,workflow...
2025-07-28 14:00:13.841 [info] Getting sessions for user:email...
2025-07-28 14:00:13.841 [info] Got 1 sessions for user:email...
2025-07-28 14:00:19.505 [info] Getting sessions for all scopes...
2025-07-28 14:00:19.505 [info] Got 1 sessions for ...
2025-07-28 14:00:19.506 [info] Getting sessions for read:user,repo,user:email,workflow...
2025-07-28 14:00:19.506 [info] Got 0 sessions for read:user,repo,user:email,workflow...
2025-07-28 14:00:19.507 [info] Getting sessions for user:email...
2025-07-28 14:00:19.507 [info] Got 1 sessions for user:email...
2025-07-28 14:00:25.760 [info] Getting sessions for all scopes...
2025-07-28 14:00:25.760 [info] Got 1 sessions for ...
2025-07-28 14:00:25.760 [info] Getting sessions for read:user,repo,user:email,workflow...
2025-07-28 14:00:25.761 [info] Got 0 sessions for read:user,repo,user:email,workflow...
2025-07-28 14:00:25.761 [info] Getting sessions for user:email...
2025-07-28 14:00:25.761 [info] Got 1 sessions for user:email...
2025-07-28 14:00:30.181 [info] Getting sessions for all scopes...
2025-07-28 14:00:30.181 [info] Got 1 sessions for ...
2025-07-28 14:00:30.181 [info] Getting sessions for read:user,repo,user:email,workflow...
2025-07-28 14:00:30.181 [info] Got 0 sessions for read:user,repo,user:email,workflow...
2025-07-28 14:00:30.182 [info] Getting sessions for user:email...
2025-07-28 14:00:30.182 [info] Got 1 sessions for user:email...
2025-07-28 14:00:50.248 [info] Getting sessions for all scopes...
2025-07-28 14:00:50.248 [info] Got 1 sessions for ...
2025-07-28 14:00:50.249 [info] Getting sessions for read:user,repo,user:email,workflow...
2025-07-28 14:00:50.249 [info] Got 0 sessions for read:user,repo,user:email,workflow...
2025-07-28 14:00:50.250 [info] Getting sessions for user:email...
2025-07-28 14:00:50.250 [info] Got 1 sessions for user:email...
2025-07-28 14:00:52.710 [info] Getting sessions for all scopes...
2025-07-28 14:00:52.710 [info] Got 1 sessions for ...
2025-07-28 14:00:52.711 [info] Getting sessions for read:user,repo,user:email,workflow...
2025-07-28 14:00:52.711 [info] Got 0 sessions for read:user,repo,user:email,workflow...
2025-07-28 14:00:52.711 [info] Getting sessions for user:email...
2025-07-28 14:00:52.712 [info] Got 1 sessions for user:email...
2025-07-28 14:01:13.144 [info] Getting sessions for all scopes...
2025-07-28 14:01:13.144 [info] Got 1 sessions for ...
2025-07-28 14:01:13.145 [info] Getting sessions for read:user,repo,user:email,workflow...
2025-07-28 14:01:13.145 [info] Got 0 sessions for read:user,repo,user:email,workflow...
2025-07-28 14:01:13.146 [info] Getting sessions for user:email...
2025-07-28 14:01:13.146 [info] Got 1 sessions for user:email...
2025-07-28 14:01:21.138 [info] Getting sessions for all scopes...
2025-07-28 14:01:21.138 [info] Got 1 sessions for ...
2025-07-28 14:01:21.139 [info] Getting sessions for read:user,repo,user:email,workflow...
2025-07-28 14:01:21.139 [info] Got 0 sessions for read:user,repo,user:email,workflow...
2025-07-28 14:01:21.139 [info] Getting sessions for user:email...
2025-07-28 14:01:21.139 [info] Got 1 sessions for user:email...
2025-07-28 14:01:37.917 [info] Getting sessions for all scopes...
2025-07-28 14:01:37.917 [info] Got 1 sessions for ...
2025-07-28 14:01:37.922 [info] Getting sessions for read:user,repo,user:email,workflow...
2025-07-28 14:01:37.922 [info] Got 0 sessions for read:user,repo,user:email,workflow...
2025-07-28 14:01:37.932 [info] Getting sessions for user:email...
2025-07-28 14:01:37.932 [info] Got 1 sessions for user:email...
2025-07-28 14:01:44.341 [info] Getting sessions for all scopes...
2025-07-28 14:01:44.341 [info] Got 1 sessions for ...
2025-07-28 14:01:44.343 [info] Getting sessions for read:user,repo,user:email,workflow...
2025-07-28 14:01:44.343 [info] Got 0 sessions for read:user,repo,user:email,workflow...
2025-07-28 14:01:44.346 [info] Getting sessions for user:email...
2025-07-28 14:01:44.346 [info] Got 1 sessions for user:email...
2025-07-28 14:01:56.474 [info] Getting sessions for all scopes...
2025-07-28 14:01:56.474 [info] Got 1 sessions for ...
2025-07-28 14:01:56.475 [info] Getting sessions for read:user,repo,user:email,workflow...
2025-07-28 14:01:56.475 [info] Got 0 sessions for read:user,repo,user:email,workflow...
2025-07-28 14:01:56.476 [info] Getting sessions for user:email...
2025-07-28 14:01:56.476 [info] Got 1 sessions for user:email...
2025-07-28 14:02:01.781 [info] Getting sessions for all scopes...
2025-07-28 14:02:01.781 [info] Got 1 sessions for ...
2025-07-28 14:02:01.782 [info] Getting sessions for read:user,repo,user:email,workflow...
2025-07-28 14:02:01.782 [info] Got 0 sessions for read:user,repo,user:email,workflow...
2025-07-28 14:02:01.783 [info] Getting sessions for user:email...
2025-07-28 14:02:01.783 [info] Got 1 sessions for user:email...
2025-07-28 14:02:09.075 [info] Getting sessions for all scopes...
2025-07-28 14:02:09.076 [info] Got 1 sessions for ...
2025-07-28 14:02:09.076 [info] Getting sessions for read:user,repo,user:email,workflow...
2025-07-28 14:02:09.076 [info] Got 0 sessions for read:user,repo,user:email,workflow...
2025-07-28 14:02:09.077 [info] Getting sessions for user:email...
2025-07-28 14:02:09.077 [info] Got 1 sessions for user:email...
2025-07-28 14:02:15.014 [info] Getting sessions for all scopes...
2025-07-28 14:02:15.014 [info] Got 1 sessions for ...
2025-07-28 14:02:15.015 [info] Getting sessions for read:user,repo,user:email,workflow...
2025-07-28 14:02:15.015 [info] Got 0 sessions for read:user,repo,user:email,workflow...
2025-07-28 14:02:15.016 [info] Getting sessions for user:email...
2025-07-28 14:02:15.016 [info] Got 1 sessions for user:email...
2025-07-28 14:02:21.294 [info] Getting sessions for all scopes...
2025-07-28 14:02:21.294 [info] Got 1 sessions for ...
2025-07-28 14:02:21.295 [info] Getting sessions for read:user,repo,user:email,workflow...
2025-07-28 14:02:21.295 [info] Got 0 sessions for read:user,repo,user:email,workflow...
2025-07-28 14:02:21.296 [info] Getting sessions for user:email...
2025-07-28 14:02:21.296 [info] Got 1 sessions for user:email...
2025-07-28 14:02:25.414 [info] Getting sessions for all scopes...
2025-07-28 14:02:25.414 [info] Got 1 sessions for ...
2025-07-28 14:02:25.414 [info] Getting sessions for read:user,repo,user:email,workflow...
2025-07-28 14:02:25.414 [info] Got 0 sessions for read:user,repo,user:email,workflow...
2025-07-28 14:02:25.415 [info] Getting sessions for user:email...
2025-07-28 14:02:25.415 [info] Got 1 sessions for user:email...
2025-07-28 14:05:43.283 [info] Getting sessions for all scopes...
2025-07-28 14:05:43.283 [info] Got 1 sessions for ...
2025-07-28 14:05:43.284 [info] Getting sessions for read:user,repo,user:email,workflow...
2025-07-28 14:05:43.284 [info] Got 0 sessions for read:user,repo,user:email,workflow...
2025-07-28 14:05:43.285 [info] Getting sessions for user:email...
2025-07-28 14:05:43.285 [info] Got 1 sessions for user:email...
2025-07-28 14:20:43.288 [info] Getting sessions for all scopes...
2025-07-28 14:20:43.288 [info] Got 1 sessions for ...
2025-07-28 14:20:43.289 [info] Getting sessions for read:user,repo,user:email,workflow...
2025-07-28 14:20:43.289 [info] Got 0 sessions for read:user,repo,user:email,workflow...
2025-07-28 14:20:43.290 [info] Getting sessions for user:email...
2025-07-28 14:20:43.290 [info] Got 1 sessions for user:email...
2025-07-28 14:20:43.291 [info] Getting sessions for all scopes...
2025-07-28 14:20:43.291 [info] Got 1 sessions for ...
2025-07-28 14:20:43.291 [info] Getting sessions for read:user,repo,user:email,workflow...
2025-07-28 14:20:43.291 [info] Got 0 sessions for read:user,repo,user:email,workflow...
2025-07-28 14:20:43.292 [info] Getting sessions for user:email...
2025-07-28 14:20:43.292 [info] Got 1 sessions for user:email...
2025-07-28 14:20:43.995 [info] Getting sessions for all scopes...
2025-07-28 14:20:43.995 [info] Got 1 sessions for ...
2025-07-28 14:20:43.995 [info] Getting sessions for all scopes...
2025-07-28 14:20:43.995 [info] Got 1 sessions for ...
2025-07-28 14:20:43.996 [info] Getting sessions for read:user,repo,user:email,workflow...
2025-07-28 14:20:43.996 [info] Got 0 sessions for read:user,repo,user:email,workflow...
2025-07-28 14:20:43.997 [info] Getting sessions for user:email...
2025-07-28 14:20:43.997 [info] Got 1 sessions for user:email...
2025-07-28 14:20:43.997 [info] Getting sessions for read:user,repo,user:email,workflow...
2025-07-28 14:20:43.997 [info] Got 0 sessions for read:user,repo,user:email,workflow...
2025-07-28 14:20:43.998 [info] Getting sessions for all scopes...
2025-07-28 14:20:43.998 [info] Got 1 sessions for ...
2025-07-28 14:20:43.998 [info] Getting sessions for read:user,repo,user:email,workflow...
2025-07-28 14:20:43.998 [info] Got 0 sessions for read:user,repo,user:email,workflow...
2025-07-28 14:20:43.999 [info] Getting sessions for user:email...
2025-07-28 14:20:43.999 [info] Got 1 sessions for user:email...
2025-07-28 14:20:44.001 [info] Getting sessions for all scopes...
2025-07-28 14:20:44.001 [info] Got 1 sessions for ...
2025-07-28 14:20:44.001 [info] Getting sessions for all scopes...
2025-07-28 14:20:44.001 [info] Got 1 sessions for ...
2025-07-28 14:20:44.001 [info] Getting sessions for read:user,repo,user:email,workflow...
2025-07-28 14:20:44.001 [info] Got 0 sessions for read:user,repo,user:email,workflow...
2025-07-28 14:20:44.002 [info] Getting sessions for user:email...
2025-07-28 14:20:44.002 [info] Got 1 sessions for user:email...
2025-07-28 14:20:44.002 [info] Getting sessions for read:user,repo,user:email,workflow...
2025-07-28 14:20:44.002 [info] Got 0 sessions for read:user,repo,user:email,workflow...
2025-07-28 14:20:44.004 [info] Getting sessions for all scopes...
2025-07-28 14:20:44.004 [info] Got 1 sessions for ...
2025-07-28 14:20:44.005 [info] Getting sessions for read:user,repo,user:email,workflow...
2025-07-28 14:20:44.005 [info] Got 0 sessions for read:user,repo,user:email,workflow...
2025-07-28 14:20:44.005 [info] Getting sessions for user:email...
2025-07-28 14:20:44.005 [info] Got 1 sessions for user:email...
2025-07-28 14:22:30.955 [info] Getting sessions for all scopes...
2025-07-28 14:22:30.955 [info] Got 1 sessions for ...
2025-07-28 14:22:30.962 [info] Getting sessions for read:user,repo,user:email,workflow...
2025-07-28 14:22:30.962 [info] Got 0 sessions for read:user,repo,user:email,workflow...
2025-07-28 14:22:30.972 [info] Getting sessions for user:email...
2025-07-28 14:22:30.972 [info] Got 1 sessions for user:email...
2025-07-28 14:22:31.704 [info] Getting sessions for all scopes...
2025-07-28 14:22:31.704 [info] Got 1 sessions for ...
2025-07-28 14:22:31.705 [info] Getting sessions for read:user,repo,user:email,workflow...
2025-07-28 14:22:31.705 [info] Got 0 sessions for read:user,repo,user:email,workflow...
2025-07-28 14:22:31.706 [info] Getting sessions for user:email...
2025-07-28 14:22:31.706 [info] Got 1 sessions for user:email...
