2025-07-28 13:19:26.468 [info] Reading sessions from keychain...
2025-07-28 13:19:26.468 [info] Got stored sessions!
2025-07-28 13:19:26.468 [info] Got 1 verified sessions.
2025-07-28 13:19:26.468 [info] Getting sessions for all scopes...
2025-07-28 13:19:26.468 [info] Got 1 sessions for ...
2025-07-28 13:19:26.468 [info] Getting sessions for all scopes...
2025-07-28 13:19:26.468 [info] Got 1 sessions for ...
2025-07-28 13:19:26.481 [info] Getting sessions for all scopes...
2025-07-28 13:19:26.481 [info] Got 1 sessions for ...
2025-07-28 13:19:26.482 [info] Getting sessions for all scopes...
2025-07-28 13:19:26.482 [info] Got 1 sessions for ...
2025-07-28 13:19:26.482 [info] Getting sessions for all scopes...
2025-07-28 13:19:26.482 [info] Got 1 sessions for ...
2025-07-28 13:19:26.482 [info] Getting sessions for all scopes...
2025-07-28 13:19:26.482 [info] Got 1 sessions for ...
2025-07-28 13:19:26.482 [info] Getting sessions for all scopes...
2025-07-28 13:19:26.482 [info] Got 1 sessions for ...
2025-07-28 13:19:26.487 [info] Getting sessions for all scopes...
2025-07-28 13:19:26.487 [info] Got 1 sessions for ...
2025-07-28 13:19:26.489 [info] Getting sessions for all scopes...
2025-07-28 13:19:26.489 [info] Got 1 sessions for ...
2025-07-28 13:19:26.489 [info] Getting sessions for all scopes...
2025-07-28 13:19:26.489 [info] Got 1 sessions for ...
2025-07-28 13:19:26.489 [info] Getting sessions for all scopes...
2025-07-28 13:19:26.489 [info] Got 1 sessions for ...
2025-07-28 13:19:26.489 [info] Getting sessions for all scopes...
2025-07-28 13:19:26.489 [info] Got 1 sessions for ...
2025-07-28 13:19:26.489 [info] Getting sessions for all scopes...
2025-07-28 13:19:26.489 [info] Got 1 sessions for ...
2025-07-28 13:19:26.593 [info] Getting sessions for all scopes...
2025-07-28 13:19:26.593 [info] Got 1 sessions for ...
2025-07-28 13:19:26.716 [info] Getting sessions for all scopes...
2025-07-28 13:19:26.716 [info] Got 1 sessions for ...
2025-07-28 13:19:28.471 [info] Getting sessions for all scopes...
2025-07-28 13:19:28.471 [info] Got 1 sessions for ...
2025-07-28 13:19:28.471 [info] Getting sessions for all scopes...
2025-07-28 13:19:28.471 [info] Got 1 sessions for ...
2025-07-28 13:19:28.475 [info] Getting sessions for all scopes...
2025-07-28 13:19:28.475 [info] Got 1 sessions for ...
