2025-07-28 14:24:40.767 [info] [main] Log level: Info
2025-07-28 14:24:40.767 [info] [main] Validating found git in: "git"
2025-07-28 14:24:40.767 [info] [main] Using git "2.50.1" from "git"
2025-07-28 14:24:40.767 [info] [Model][doInitialScan] Initial repository scan started
2025-07-28 14:24:40.767 [info] > git rev-parse --show-toplevel [7ms]
2025-07-28 14:24:40.767 [info] fatal: not a git repository (or any of the parent directories): .git
2025-07-28 14:24:40.767 [info] > git rev-parse --show-toplevel [34ms]
2025-07-28 14:24:40.767 [info] fatal: not a git repository (or any of the parent directories): .git
2025-07-28 14:24:40.768 [info] > git rev-parse --show-toplevel [1ms]
2025-07-28 14:24:40.768 [info] fatal: not a git repository (or any of the parent directories): .git
2025-07-28 14:24:40.777 [info] > git rev-parse --show-toplevel [1ms]
2025-07-28 14:24:40.777 [info] fatal: not a git repository (or any of the parent directories): .git
2025-07-28 14:24:40.786 [info] > git rev-parse --show-toplevel [2ms]
2025-07-28 14:24:40.786 [info] fatal: not a git repository (or any of the parent directories): .git
2025-07-28 14:24:40.796 [info] > git rev-parse --show-toplevel [3ms]
2025-07-28 14:24:40.796 [info] fatal: not a git repository (or any of the parent directories): .git
2025-07-28 14:24:40.805 [info] > git rev-parse --show-toplevel [2ms]
2025-07-28 14:24:40.805 [info] fatal: not a git repository (or any of the parent directories): .git
2025-07-28 14:24:40.812 [info] > git rev-parse --show-toplevel [1ms]
2025-07-28 14:24:40.812 [info] fatal: not a git repository (or any of the parent directories): .git
2025-07-28 14:24:40.820 [info] > git rev-parse --show-toplevel [1ms]
2025-07-28 14:24:40.820 [info] fatal: not a git repository (or any of the parent directories): .git
2025-07-28 14:24:40.830 [info] > git rev-parse --show-toplevel [4ms]
2025-07-28 14:24:40.830 [info] fatal: not a git repository (or any of the parent directories): .git
2025-07-28 14:24:40.838 [info] > git rev-parse --show-toplevel [1ms]
2025-07-28 14:24:40.838 [info] fatal: not a git repository (or any of the parent directories): .git
2025-07-28 14:24:40.845 [info] > git rev-parse --show-toplevel [1ms]
2025-07-28 14:24:40.845 [info] fatal: not a git repository (or any of the parent directories): .git
2025-07-28 14:24:40.852 [info] > git rev-parse --show-toplevel [1ms]
2025-07-28 14:24:40.852 [info] fatal: not a git repository (or any of the parent directories): .git
2025-07-28 14:24:40.860 [info] > git rev-parse --show-toplevel [0ms]
2025-07-28 14:24:40.860 [info] fatal: not a git repository (or any of the parent directories): .git
2025-07-28 14:24:40.898 [info] > git rev-parse --show-toplevel [32ms]
2025-07-28 14:24:40.898 [info] fatal: not a git repository (or any of the parent directories): .git
2025-07-28 14:24:40.910 [info] > git rev-parse --show-toplevel [2ms]
2025-07-28 14:24:40.910 [info] fatal: not a git repository (or any of the parent directories): .git
2025-07-28 14:24:40.912 [info] [Model][doInitialScan] Initial repository scan completed - repositories (0), closed repositories (0), parent repositories (0), unsafe repositories (0)
2025-07-28 14:24:40.920 [info] > git rev-parse --show-toplevel [1ms]
2025-07-28 14:24:40.920 [info] fatal: not a git repository (or any of the parent directories): .git
2025-07-28 14:24:41.022 [info] > git rev-parse --show-toplevel [1ms]
2025-07-28 14:24:41.022 [info] fatal: not a git repository (or any of the parent directories): .git
2025-07-28 14:24:42.658 [info] > git rev-parse --show-toplevel [28ms]
2025-07-28 14:24:42.658 [info] fatal: not a git repository (or any of the parent directories): .git
2025-07-28 14:24:45.042 [info] > git rev-parse --show-toplevel [33ms]
2025-07-28 14:24:45.042 [info] fatal: not a git repository (or any of the parent directories): .git
2025-07-28 14:24:45.894 [info] > git rev-parse --show-toplevel [2ms]
2025-07-28 14:24:45.894 [info] fatal: not a git repository (or any of the parent directories): .git
2025-07-28 14:24:48.717 [info] > git rev-parse --show-toplevel [2ms]
2025-07-28 14:24:48.717 [info] fatal: not a git repository (or any of the parent directories): .git
2025-07-28 14:25:09.090 [info] > git rev-parse --show-toplevel [2ms]
2025-07-28 14:25:09.090 [info] fatal: not a git repository (or any of the parent directories): .git
2025-07-28 14:25:09.735 [info] > git rev-parse --show-toplevel [1ms]
2025-07-28 14:25:09.735 [info] fatal: not a git repository (or any of the parent directories): .git
2025-07-28 14:25:42.674 [info] > git init -b main [20ms]
2025-07-28 14:25:42.695 [info] > git rev-parse --show-toplevel [0ms]
2025-07-28 14:25:42.718 [info] > git rev-parse --git-dir --git-common-dir [1ms]
2025-07-28 14:25:42.726 [info] [Model][openRepository] Opened repository (path): /home/ember/.config
2025-07-28 14:25:42.726 [info] [Model][openRepository] Opened repository (real path): /home/ember/.config
2025-07-28 14:25:42.784 [info] > git config --get commit.template [11ms]
2025-07-28 14:25:42.809 [info] [Git][getRemotes] No remotes found in the git config file
2025-07-28 14:25:42.810 [info] > git for-each-ref --format=%(refname)%00%(upstream:short)%00%(objectname)%00%(upstream:track)%00%(upstream:remotename)%00%(upstream:remoteref) refs/heads/main refs/remotes/main [2ms]
2025-07-28 14:25:42.810 [warning] [Git][getBranch] No such branch: main
2025-07-28 14:25:42.852 [info] > git status -z -uall [22ms]
2025-07-28 14:25:42.854 [info] > git for-each-ref --sort -committerdate --format %(refname)%00%(objectname)%00%(*objectname) [4ms]
2025-07-28 14:25:42.914 [info] > git for-each-ref --format=%(refname)%00%(upstream:short)%00%(objectname)%00%(upstream:track)%00%(upstream:remotename)%00%(upstream:remoteref) refs/heads/main refs/remotes/main [29ms]
2025-07-28 14:25:42.914 [warning] [Git][getBranch] No such branch: main
2025-07-28 14:25:42.914 [error] [GitHistoryProvider][resolveHEADMergeBase] Failed to resolve merge base for main: Error: No such branch: main.
2025-07-28 14:25:42.917 [info] > git config --get commit.template [4ms]
2025-07-28 14:25:42.940 [info] [Git][getRemotes] No remotes found in the git config file
2025-07-28 14:25:42.961 [info] > git for-each-ref --format=%(refname)%00%(upstream:short)%00%(objectname)%00%(upstream:track)%00%(upstream:remotename)%00%(upstream:remoteref) refs/heads/main refs/remotes/main [21ms]
2025-07-28 14:25:42.961 [warning] [Git][getBranch] No such branch: main
2025-07-28 14:25:43.056 [info] > git status -z -uall [74ms]
2025-07-28 14:25:43.057 [info] > git for-each-ref --sort -committerdate --format %(refname)%00%(objectname)%00%(*objectname) [54ms]
2025-07-28 14:25:43.084 [info] > git log --format=%H%n%aN%n%aE%n%at%n%ct%n%P%n%D%n%B -z --shortstat --diff-merges=first-parent -n50 --skip=0 --topo-order --decorate=full --stdin [124ms]
2025-07-28 14:25:43.084 [info] fatal: bad revision 'refs/heads/main'
2025-07-28 14:25:43.084 [error] [GitHistoryProvider][provideHistoryItems] Failed to get history items with options '{"historyItemRefs":["refs/heads/main"],"limit":50,"skip":0}': Failed to execute git {
  "exitCode": 128,
  "gitCommand": "log",
  "stdout": "",
  "stderr": "fatal: bad revision 'refs/heads/main'\n"
}
