2025-07-28 14:24:40.679 [info] Reading sessions from keychain...
2025-07-28 14:24:40.679 [info] Getting sessions for all scopes...
2025-07-28 14:24:40.679 [info] Got stored sessions!
2025-07-28 14:24:40.679 [info] Got 1 verified sessions.
2025-07-28 14:24:40.679 [info] Got 1 sessions for ...
2025-07-28 14:24:40.679 [info] Getting sessions for all scopes...
2025-07-28 14:24:40.679 [info] Got 1 sessions for ...
2025-07-28 14:24:40.679 [info] Getting sessions for all scopes...
2025-07-28 14:24:40.679 [info] Got 1 sessions for ...
2025-07-28 14:24:40.679 [info] Getting sessions for all scopes...
2025-07-28 14:24:40.679 [info] Got 1 sessions for ...
2025-07-28 14:24:40.679 [info] Getting sessions for all scopes...
2025-07-28 14:24:40.679 [info] Got 1 sessions for ...
2025-07-28 14:24:40.679 [info] Getting sessions for all scopes...
2025-07-28 14:24:40.679 [info] Got 1 sessions for ...
2025-07-28 14:24:40.679 [info] Getting sessions for all scopes...
2025-07-28 14:24:40.679 [info] Got 1 sessions for ...
2025-07-28 14:24:40.679 [info] Getting sessions for all scopes...
2025-07-28 14:24:40.679 [info] Got 1 sessions for ...
2025-07-28 14:24:40.679 [info] Getting sessions for all scopes...
2025-07-28 14:24:40.679 [info] Got 1 sessions for ...
2025-07-28 14:24:40.679 [info] Getting sessions for all scopes...
2025-07-28 14:24:40.679 [info] Got 1 sessions for ...
2025-07-28 14:24:40.679 [info] Getting sessions for all scopes...
2025-07-28 14:24:40.679 [info] Got 1 sessions for ...
2025-07-28 14:24:40.679 [info] Getting sessions for all scopes...
2025-07-28 14:24:40.679 [info] Got 1 sessions for ...
2025-07-28 14:24:40.679 [info] Getting sessions for all scopes...
2025-07-28 14:24:40.679 [info] Got 1 sessions for ...
2025-07-28 14:24:40.679 [info] Getting sessions for all scopes...
2025-07-28 14:24:40.679 [info] Got 1 sessions for ...
2025-07-28 14:24:40.679 [info] Getting sessions for all scopes...
2025-07-28 14:24:40.679 [info] Got 1 sessions for ...
2025-07-28 14:24:40.679 [info] Getting sessions for all scopes...
2025-07-28 14:24:40.679 [info] Got 1 sessions for ...
2025-07-28 14:24:40.679 [info] Getting sessions for all scopes...
2025-07-28 14:24:40.679 [info] Got 1 sessions for ...
2025-07-28 14:24:40.697 [info] Getting sessions for read:user,repo,user:email,workflow...
2025-07-28 14:24:40.697 [info] Got 0 sessions for read:user,repo,user:email,workflow...
2025-07-28 14:24:40.760 [info] Getting sessions for user:email...
2025-07-28 14:24:40.760 [info] Got 1 sessions for user:email...
2025-07-28 14:24:40.760 [info] Getting sessions for read:user,repo,user:email,workflow...
2025-07-28 14:24:40.760 [info] Got 0 sessions for read:user,repo,user:email,workflow...
2025-07-28 14:24:40.769 [info] Getting sessions for all scopes...
2025-07-28 14:24:40.769 [info] Got 1 sessions for ...
2025-07-28 14:24:40.785 [info] Getting sessions for all scopes...
2025-07-28 14:24:40.785 [info] Got 1 sessions for ...
2025-07-28 14:24:40.804 [info] Getting sessions for read:user,repo,user:email,workflow...
2025-07-28 14:24:40.804 [info] Got 0 sessions for read:user,repo,user:email,workflow...
2025-07-28 14:24:40.838 [info] Getting sessions for user:email...
2025-07-28 14:24:40.838 [info] Got 1 sessions for user:email...
2025-07-28 14:24:40.852 [info] Getting sessions for all scopes...
2025-07-28 14:24:40.852 [info] Got 1 sessions for ...
2025-07-28 14:24:40.859 [info] Getting sessions for read:user,repo,user:email,workflow...
2025-07-28 14:24:40.859 [info] Got 0 sessions for read:user,repo,user:email,workflow...
2025-07-28 14:24:40.866 [info] Getting sessions for user:email...
2025-07-28 14:24:40.866 [info] Got 1 sessions for user:email...
2025-07-28 14:24:40.912 [info] Getting sessions for all scopes...
2025-07-28 14:24:40.912 [info] Got 1 sessions for ...
2025-07-28 14:24:40.921 [info] Getting sessions for read:user,repo,user:email,workflow...
2025-07-28 14:24:40.921 [info] Got 0 sessions for read:user,repo,user:email,workflow...
2025-07-28 14:24:40.936 [info] Getting sessions for user:email...
2025-07-28 14:24:40.936 [info] Got 1 sessions for user:email...
2025-07-28 14:24:42.610 [info] Getting sessions for all scopes...
2025-07-28 14:24:42.610 [info] Got 1 sessions for ...
2025-07-28 14:24:42.610 [info] Getting sessions for all scopes...
2025-07-28 14:24:42.610 [info] Got 1 sessions for ...
2025-07-28 14:24:42.611 [info] Getting sessions for all scopes...
2025-07-28 14:24:42.611 [info] Got 1 sessions for ...
2025-07-28 14:24:43.080 [info] Getting sessions for all scopes...
2025-07-28 14:24:43.080 [info] Got 1 sessions for ...
2025-07-28 14:24:43.083 [info] Getting sessions for all scopes...
2025-07-28 14:24:43.083 [info] Got 1 sessions for ...
2025-07-28 14:24:43.089 [info] Getting sessions for all scopes...
2025-07-28 14:24:43.089 [info] Got 1 sessions for ...
2025-07-28 14:24:43.089 [info] Getting sessions for read:user,repo,user:email,workflow...
2025-07-28 14:24:43.089 [info] Got 0 sessions for read:user,repo,user:email,workflow...
2025-07-28 14:24:43.089 [info] Getting sessions for all scopes...
2025-07-28 14:24:43.089 [info] Got 1 sessions for ...
2025-07-28 14:24:43.108 [info] Getting sessions for read:user,repo,user:email,workflow...
2025-07-28 14:24:43.108 [info] Got 0 sessions for read:user,repo,user:email,workflow...
2025-07-28 14:24:43.108 [info] Getting sessions for read:user...
2025-07-28 14:24:43.108 [info] Got 0 sessions for read:user...
2025-07-28 14:24:43.111 [info] Getting sessions for user:email...
2025-07-28 14:24:43.111 [info] Got 1 sessions for user:email...
2025-07-28 14:24:43.111 [info] Getting sessions for read:user,repo,user:email,workflow...
2025-07-28 14:24:43.111 [info] Got 0 sessions for read:user,repo,user:email,workflow...
2025-07-28 14:24:43.111 [info] Getting sessions for user:email...
2025-07-28 14:24:43.111 [info] Got 1 sessions for user:email...
2025-07-28 14:24:43.214 [info] Getting sessions for all scopes...
2025-07-28 14:24:43.215 [info] Got 1 sessions for ...
2025-07-28 14:24:43.216 [info] Getting sessions for read:user,repo,user:email,workflow...
2025-07-28 14:24:43.216 [info] Got 0 sessions for read:user,repo,user:email,workflow...
2025-07-28 14:24:43.217 [info] Getting sessions for user:email...
2025-07-28 14:24:43.217 [info] Got 1 sessions for user:email...
2025-07-28 14:24:43.277 [info] Getting sessions for all scopes...
2025-07-28 14:24:43.277 [info] Got 1 sessions for ...
2025-07-28 14:24:43.277 [info] Getting sessions for all scopes...
2025-07-28 14:24:43.277 [info] Got 1 sessions for ...
2025-07-28 14:24:43.278 [info] Getting sessions for read:user,repo,user:email,workflow...
2025-07-28 14:24:43.278 [info] Got 0 sessions for read:user,repo,user:email,workflow...
2025-07-28 14:24:43.279 [info] Getting sessions for user:email...
2025-07-28 14:24:43.279 [info] Got 1 sessions for user:email...
2025-07-28 14:24:43.279 [info] Getting sessions for read:user,repo,user:email,workflow...
2025-07-28 14:24:43.279 [info] Got 0 sessions for read:user,repo,user:email,workflow...
2025-07-28 14:24:43.283 [info] Getting sessions for all scopes...
2025-07-28 14:24:43.283 [info] Got 1 sessions for ...
2025-07-28 14:24:43.283 [info] Getting sessions for all scopes...
2025-07-28 14:24:43.283 [info] Got 1 sessions for ...
2025-07-28 14:24:43.283 [info] Getting sessions for all scopes...
2025-07-28 14:24:43.284 [info] Got 1 sessions for ...
2025-07-28 14:24:43.284 [info] Getting sessions for read:user,repo,user:email,workflow...
2025-07-28 14:24:43.284 [info] Got 0 sessions for read:user,repo,user:email,workflow...
2025-07-28 14:24:43.285 [info] Getting sessions for user:email...
2025-07-28 14:24:43.285 [info] Got 1 sessions for user:email...
2025-07-28 14:24:43.912 [info] Getting sessions for all scopes...
2025-07-28 14:24:43.912 [info] Got 1 sessions for ...
2025-07-28 14:24:44.073 [info] Getting sessions for all scopes...
2025-07-28 14:24:44.073 [info] Got 1 sessions for ...
2025-07-28 14:24:44.074 [info] Getting sessions for read:user,repo,user:email,workflow...
2025-07-28 14:24:44.074 [info] Got 0 sessions for read:user,repo,user:email,workflow...
2025-07-28 14:24:44.074 [info] Getting sessions for user:email...
2025-07-28 14:24:44.074 [info] Got 1 sessions for user:email...
2025-07-28 14:25:23.423 [info] Getting sessions for read:user,repo,user:email,workflow...
2025-07-28 14:25:23.423 [info] Got 0 sessions for read:user,repo,user:email,workflow...
2025-07-28 14:25:24.858 [info] Logging in with 'any' account...
2025-07-28 14:25:24.858 [info] Logging in for the following scopes: read:user repo user:email workflow
2025-07-28 14:25:24.860 [info] Trying with local server... (read:user repo user:email workflow)
2025-07-28 14:25:28.661 [info] Exchanging code for token...
2025-07-28 14:25:28.956 [info] Token exchange success!
2025-07-28 14:25:28.957 [info] Getting user info...
2025-07-28 14:25:29.232 [info] Got account info!
2025-07-28 14:25:29.232 [info] Storing 2 sessions...
2025-07-28 14:25:29.234 [info] Reading sessions from keychain...
2025-07-28 14:25:29.234 [info] Stored 2 sessions!
2025-07-28 14:25:29.234 [info] Login success!
2025-07-28 14:25:29.234 [info] Getting sessions for all scopes...
2025-07-28 14:25:29.235 [info] Got stored sessions!
2025-07-28 14:25:29.235 [info] Got 2 verified sessions.
2025-07-28 14:25:29.235 [info] Got 2 sessions for ...
2025-07-28 14:25:29.235 [info] Getting sessions for all scopes...
2025-07-28 14:25:29.235 [info] Got 2 sessions for ...
2025-07-28 14:25:29.235 [info] Getting sessions for all scopes...
2025-07-28 14:25:29.235 [info] Got 2 sessions for ...
2025-07-28 14:25:29.235 [info] Getting sessions for all scopes...
2025-07-28 14:25:29.235 [info] Got 2 sessions for ...
2025-07-28 14:25:29.237 [info] Getting sessions for all scopes...
2025-07-28 14:25:29.237 [info] Got 2 sessions for ...
2025-07-28 14:25:29.237 [info] Getting sessions for all scopes...
2025-07-28 14:25:29.237 [info] Got 2 sessions for ...
2025-07-28 14:25:29.238 [info] Getting sessions for all scopes...
2025-07-28 14:25:29.238 [info] Got 2 sessions for ...
2025-07-28 14:25:29.238 [info] Getting sessions for all scopes...
2025-07-28 14:25:29.238 [info] Got 2 sessions for ...
2025-07-28 14:25:29.238 [info] Getting sessions for read:user,repo,user:email,workflow...
2025-07-28 14:25:29.238 [info] Got 1 sessions for read:user,repo,user:email,workflow...
2025-07-28 14:25:29.242 [info] Getting sessions for read:user,repo,user:email,workflow...
2025-07-28 14:25:29.242 [info] Got 1 sessions for read:user,repo,user:email,workflow...
2025-07-28 14:25:29.243 [info] Getting sessions for all scopes...
2025-07-28 14:25:29.243 [info] Got 2 sessions for ...
2025-07-28 14:25:29.243 [info] Getting sessions for read:user,repo,user:email,workflow...
2025-07-28 14:25:29.243 [info] Got 1 sessions for read:user,repo,user:email,workflow...
2025-07-28 14:25:29.244 [info] Getting sessions for all scopes...
2025-07-28 14:25:29.244 [info] Got 2 sessions for ...
2025-07-28 14:25:29.245 [info] Getting sessions for read:user,repo,user:email,workflow...
2025-07-28 14:25:29.245 [info] Got 1 sessions for read:user,repo,user:email,workflow...
2025-07-28 14:25:30.021 [info] Getting sessions for all scopes...
2025-07-28 14:25:30.021 [info] Got 2 sessions for ...
2025-07-28 14:25:30.022 [info] Getting sessions for all scopes...
2025-07-28 14:25:30.022 [info] Got 2 sessions for ...
2025-07-28 14:25:30.022 [info] Getting sessions for read:user,repo,user:email,workflow...
2025-07-28 14:25:30.022 [info] Got 1 sessions for read:user,repo,user:email,workflow...
2025-07-28 14:25:30.023 [info] Getting sessions for all scopes...
2025-07-28 14:25:30.023 [info] Got 2 sessions for ...
2025-07-28 14:25:30.024 [info] Getting sessions for read:user,repo,user:email,workflow...
2025-07-28 14:25:30.024 [info] Got 1 sessions for read:user,repo,user:email,workflow...
2025-07-28 14:25:30.025 [info] Getting sessions for all scopes...
2025-07-28 14:25:30.025 [info] Got 2 sessions for ...
2025-07-28 14:25:30.026 [info] Getting sessions for read:user,repo,user:email,workflow...
2025-07-28 14:25:30.026 [info] Got 1 sessions for read:user,repo,user:email,workflow...
